2022-07-19 11:15:01,088 - __main__ - INFO - Token value: Token not available!
2022-07-19 11:15:01,760 - __main__ - INFO - Weather in Berlin: 30.32
2022-07-19 10:09:58,525 - __main__ - INFO - Token value: 1234
2022-07-19 10:09:58,949 - __main__ - INFO - Weather in Berlin: 32.56
2022-07-19 12:17:50,405 - __main__ - INFO - Token value: 1234
2022-07-19 12:17:50,875 - __main__ - INFO - Weather in Berlin: 33.66
2022-07-19 14:09:00,868 - __main__ - INFO - Token value: 1234
2022-07-19 14:09:01,435 - __main__ - INFO - Weather in Berlin: 34.86
2022-07-19 16:12:16,906 - __main__ - INFO - Token value: 1234
2022-07-19 16:12:17,306 - __main__ - INFO - Weather in Berlin: 34.28
2022-07-19 18:10:53,682 - __main__ - INFO - Token value: 1234
2022-07-19 18:10:53,844 - __main__ - INFO - Weather in Berlin: 31.9
2022-07-19 20:09:35,027 - __main__ - INFO - Token value: 1234
2022-07-19 20:09:35,139 - __main__ - INFO - Weather in Berlin: 27.52
2022-07-19 22:09:04,334 - __main__ - INFO - Token value: 1234
2022-07-19 22:09:04,912 - __main__ - INFO - Weather in Berlin: 25.4
2022-07-20 00:46:12,649 - __main__ - INFO - Token value: 1234
2022-07-20 00:46:13,296 - __main__ - INFO - Weather in Berlin: 24.18
2022-07-20 03:36:18,748 - __main__ - INFO - Token value: 1234
2022-07-20 03:36:18,916 - __main__ - INFO - Weather in Berlin: 22.12
2022-07-20 04:30:43,477 - __main__ - INFO - Token value: 1234
2022-07-20 04:30:43,776 - __main__ - INFO - Weather in Berlin: 21.64
2022-07-20 06:11:40,340 - __main__ - INFO - Token value: 1234
2022-07-20 06:11:41,194 - __main__ - INFO - Weather in Berlin: 24.95
2022-07-20 08:12:25,109 - __main__ - INFO - Token value: 1234
2022-07-20 08:12:25,397 - __main__ - INFO - Weather in Berlin: 30.85
2022-07-20 10:09:27,874 - __main__ - INFO - Token value: 1234
2022-07-20 10:09:28,041 - __main__ - INFO - Weather in Berlin: 35.42
2022-07-20 12:16:14,801 - __main__ - INFO - Token value: 1234
2022-07-20 12:16:15,447 - __main__ - INFO - Weather in Berlin: 36.64
2022-07-20 14:10:42,143 - __main__ - INFO - Token value: 1234
2022-07-20 14:10:42,285 - __main__ - INFO - Weather in Berlin: 37.34
2022-07-20 16:11:32,101 - __main__ - INFO - Token value: 1234
2022-07-20 16:11:32,270 - __main__ - INFO - Weather in Berlin: 36.32
2022-07-20 18:11:08,871 - __main__ - INFO - Token value: 1234
2022-07-20 18:11:09,450 - __main__ - INFO - Weather in Berlin: 35.75
2022-07-20 20:10:07,208 - __main__ - INFO - Token value: 1234
2022-07-20 20:10:07,807 - __main__ - INFO - Weather in Berlin: 29.16
2022-07-20 22:08:32,880 - __main__ - INFO - Token value: 1234
2022-07-20 22:08:33,309 - __main__ - INFO - Weather in Berlin: 27.72
2022-07-21 00:51:04,670 - __main__ - INFO - Token value: 1234
2022-07-21 00:51:04,945 - __main__ - INFO - Weather in Berlin: 25.62
2022-07-21 03:32:21,183 - __main__ - INFO - Token value: 1234
2022-07-21 03:32:21,622 - __main__ - INFO - Weather in Berlin: 24.17
2022-07-21 04:33:49,059 - __main__ - INFO - Token value: 1234
2022-07-21 04:33:49,712 - __main__ - INFO - Weather in Berlin: 23.8
2022-07-21 06:11:40,676 - __main__ - INFO - Token value: 1234
2022-07-21 06:11:41,078 - __main__ - INFO - Weather in Berlin: 24.1
2022-07-21 08:11:51,774 - __main__ - INFO - Token value: 1234
2022-07-21 08:11:51,925 - __main__ - INFO - Weather in Berlin: 26.61
2022-07-21 10:10:48,231 - __main__ - INFO - Token value: 1234
2022-07-21 10:10:48,658 - __main__ - INFO - Weather in Berlin: 29.39
2022-07-21 12:16:51,452 - __main__ - INFO - Token value: 1234
2022-07-21 12:16:52,210 - __main__ - INFO - Weather in Berlin: 29.02
2022-07-21 14:10:13,059 - __main__ - INFO - Token value: 1234
2022-07-21 14:10:13,760 - __main__ - INFO - Weather in Berlin: 24.62
2022-07-21 16:11:48,481 - __main__ - INFO - Token value: 1234
2022-07-21 16:11:49,254 - __main__ - INFO - Weather in Berlin: 24.51
2022-07-21 18:11:19,590 - __main__ - INFO - Token value: 1234
2022-07-21 18:11:19,965 - __main__ - INFO - Weather in Berlin: 25.79
2022-07-21 20:10:30,244 - __main__ - INFO - Token value: 1234
2022-07-21 20:10:30,328 - __main__ - INFO - Weather in Berlin: 22.77
2022-07-25 00:44:39,700 - __main__ - INFO - Token value: 1234
2022-07-25 00:44:40,082 - __main__ - INFO - Weather in Berlin: 19.9
2022-08-01 00:54:12,206 - __main__ - INFO - Token value: 1234
2022-08-01 00:54:12,694 - __main__ - INFO - Weather in Berlin: 20.23
2022-08-08 00:40:42,506 - __main__ - INFO - Token value: 1234
2022-08-08 00:40:42,610 - __main__ - INFO - Weather in Berlin: 16.92
2022-08-15 00:44:48,218 - __main__ - INFO - Token value: 1234
2022-08-15 00:44:48,828 - __main__ - INFO - Weather in Berlin: 22.05
2022-08-22 00:46:22,483 - __main__ - INFO - Token value: 1234
2022-08-22 00:46:22,604 - __main__ - INFO - Weather in Berlin: 16.54
2022-08-29 00:51:03,885 - __main__ - INFO - Token value: 1234
2022-08-29 00:51:04,463 - __main__ - INFO - Weather in Berlin: 13.61
2022-09-05 00:54:44,539 - __main__ - INFO - Token value: 1234
2022-09-05 00:54:45,065 - __main__ - INFO - Weather in Berlin: 15.8
2022-09-12 00:48:56,255 - __main__ - INFO - Token value: 1234
2022-09-12 00:48:56,362 - __main__ - INFO - Weather in Berlin: 12.68
2022-09-19 00:51:28,986 - __main__ - INFO - Token value: 1234
2022-09-19 00:51:29,073 - __main__ - INFO - Weather in Berlin: 8.79
2022-09-26 00:54:36,285 - __main__ - INFO - Token value: 1234
2022-09-26 00:54:36,670 - __main__ - INFO - Weather in Berlin: 11.75
2022-10-03 00:53:53,511 - __main__ - INFO - Token value: 1234
2022-10-03 00:53:54,115 - __main__ - INFO - Weather in Berlin: 11.07
2022-10-10 00:59:22,592 - __main__ - INFO - Token value: 1234
2022-10-10 00:59:22,684 - __main__ - INFO - Weather in Berlin: 7.73
2022-10-17 01:03:34,041 - __main__ - INFO - Token value: 1234
2022-10-17 01:03:34,808 - __main__ - INFO - Weather in Berlin: 13.02
2022-10-24 01:05:23,964 - __main__ - INFO - Token value: 1234
2022-10-24 01:05:24,197 - __main__ - INFO - Weather in Berlin: 13.27
2022-10-31 00:56:50,347 - __main__ - INFO - Token value: 1234
2022-10-31 00:56:50,781 - __main__ - INFO - Weather in Berlin: 13.45
2022-11-07 00:46:30,914 - __main__ - INFO - Token value: 1234
2022-11-07 00:46:31,482 - __main__ - INFO - Weather in Berlin: 6.9
2022-11-14 00:42:53,014 - __main__ - INFO - Token value: 1234
2022-11-14 00:42:53,136 - __main__ - INFO - Weather in Berlin: 6.58
2022-11-21 00:44:54,383 - __main__ - INFO - Token value: 1234
2022-11-21 00:44:54,891 - __main__ - INFO - Weather in Berlin: -1.89
2022-11-28 00:38:10,868 - __main__ - INFO - Token value: 1234
2022-11-28 00:38:10,962 - __main__ - INFO - Weather in Berlin: 4.03
2022-12-05 00:37:36,747 - __main__ - INFO - Token value: 1234
2022-12-05 00:37:37,346 - __main__ - INFO - Weather in Berlin: 2.48
2022-12-12 00:40:48,194 - __main__ - INFO - Token value: 1234
2022-12-12 00:40:48,347 - __main__ - INFO - Weather in Berlin: -1.51
2022-12-19 00:34:22,668 - __main__ - INFO - Token value: 1234
2022-12-19 00:34:23,349 - __main__ - INFO - Weather in Berlin: -4.73
2022-12-26 00:37:57,455 - __main__ - INFO - Token value: 1234
2022-12-26 00:37:58,555 - __main__ - INFO - Weather in Berlin: 8.58
2023-01-02 00:37:45,571 - __main__ - INFO - Token value: 1234
2023-01-02 00:37:46,198 - __main__ - INFO - Weather in Berlin: 11.86
2023-01-09 00:37:48,669 - __main__ - INFO - Token value: 1234
2023-01-09 00:37:49,006 - __main__ - INFO - Weather in Berlin: 5.01
2023-01-16 00:38:39,973 - __main__ - INFO - Token value: 1234
2023-01-16 00:38:40,358 - __main__ - INFO - Weather in Berlin: 4.9
2023-01-23 00:37:11,897 - __main__ - INFO - Token value: 1234
2023-01-23 00:37:12,431 - __main__ - INFO - Weather in Berlin: 1.65
2023-01-30 00:35:30,776 - __main__ - INFO - Token value: 1234
2023-01-30 00:35:31,351 - __main__ - INFO - Weather in Berlin: 1.63
2023-02-06 00:37:40,919 - __main__ - INFO - Token value: 1234
2023-02-06 00:37:41,397 - __main__ - INFO - Weather in Berlin: -2.01
2023-02-13 00:41:55,645 - __main__ - INFO - Token value: 1234
2023-02-13 00:41:56,334 - __main__ - INFO - Weather in Berlin: 7.16
2023-02-20 00:42:40,136 - __main__ - INFO - Token value: 1234
2023-02-20 00:42:40,714 - __main__ - INFO - Weather in Berlin: 2.39
2023-02-27 00:41:12,914 - __main__ - INFO - Token value: 1234
2023-02-27 00:41:13,506 - __main__ - INFO - Weather in Berlin: -1.34
2023-03-06 00:41:41,381 - __main__ - INFO - Token value: 1234
2023-03-06 00:41:41,518 - __main__ - INFO - Weather in Berlin: 0.94
2023-03-13 00:39:58,538 - __main__ - INFO - Token value: 1234
2023-03-13 00:39:58,984 - __main__ - INFO - Weather in Berlin: 5.94
2023-03-20 00:40:52,346 - __main__ - INFO - Token value: 1234
2023-03-20 00:40:52,864 - __main__ - INFO - Weather in Berlin: 10.36
2023-03-27 00:37:03,135 - __main__ - INFO - Token value: 1234
2023-03-27 00:37:03,579 - __main__ - INFO - Weather in Berlin: 4.49
2023-04-03 00:37:03,535 - __main__ - INFO - Token value: 1234
2023-04-03 00:37:03,887 - __main__ - INFO - Weather in Berlin: 1.06
2023-04-10 00:36:03,126 - __main__ - INFO - Token value: 1234
2023-04-10 00:36:03,601 - __main__ - INFO - Weather in Berlin: 6.65
2023-04-17 00:38:11,628 - __main__ - INFO - Token value: 1234
2023-04-17 00:38:11,958 - __main__ - INFO - Weather in Berlin: 7.47
2023-04-24 00:37:25,968 - __main__ - INFO - Token value: 1234
2023-04-24 00:37:26,548 - __main__ - INFO - Weather in Berlin: 11.24
2023-05-01 00:38:28,593 - __main__ - INFO - Token value: 1234
2023-05-01 00:38:29,237 - __main__ - INFO - Weather in Berlin: 4.74
2023-05-08 00:35:59,553 - __main__ - INFO - Token value: 1234
2023-05-08 00:36:00,012 - __main__ - INFO - Weather in Berlin: 8.12
2023-05-15 00:37:43,779 - __main__ - INFO - Token value: 1234
2023-05-15 00:37:44,323 - __main__ - INFO - Weather in Berlin: 13.01
2023-05-22 00:38:44,183 - __main__ - INFO - Token value: 1234
2023-05-22 00:38:44,825 - __main__ - INFO - Weather in Berlin: 18.93
2023-05-29 00:38:32,685 - __main__ - INFO - Token value: 1234
2023-05-29 00:38:33,317 - __main__ - INFO - Weather in Berlin: 13.49
2023-06-05 00:42:16,214 - __main__ - INFO - Token value: 1234
2023-06-05 00:42:16,354 - __main__ - INFO - Weather in Berlin: 12.54
2023-06-12 00:44:40,761 - __main__ - INFO - Token value: 1234
2023-06-12 00:44:41,287 - __main__ - INFO - Weather in Berlin: 17.95
2023-06-19 00:41:31,896 - __main__ - INFO - Token value: 1234
2023-06-19 00:41:32,077 - __main__ - INFO - Weather in Berlin: 17.46
2023-06-26 00:48:35,778 - __main__ - INFO - Token value: 1234
2023-06-26 00:48:35,965 - __main__ - INFO - Weather in Berlin: 19.96
2023-07-03 00:47:50,515 - __main__ - INFO - Token value: 1234
2023-07-03 00:47:51,503 - __main__ - INFO - Weather in Berlin: 14.82
2023-07-10 00:47:49,548 - __main__ - INFO - Token value: 1234
2023-07-10 00:47:50,169 - __main__ - INFO - Weather in Berlin: 21.4
2023-07-17 00:50:57,487 - __main__ - INFO - Token value: 1234
2023-07-17 00:50:58,057 - __main__ - INFO - Weather in Berlin: 17.68
2023-07-24 00:41:28,744 - __main__ - INFO - Token value: 1234
2023-07-24 00:41:29,341 - __main__ - INFO - Weather in Berlin: 19.18
2023-07-31 00:41:40,366 - __main__ - INFO - Token value: 1234
2023-07-31 00:41:40,950 - __main__ - INFO - Weather in Berlin: 15.06
2023-08-07 00:39:33,017 - __main__ - INFO - Token value: 1234
2023-08-07 00:39:33,591 - __main__ - INFO - Weather in Berlin: 14.24
2023-08-14 00:32:09,980 - __main__ - INFO - Token value: 1234
2023-08-14 00:32:10,569 - __main__ - INFO - Weather in Berlin: 19.18
2023-08-21 00:31:40,538 - __main__ - INFO - Token value: 1234
2023-08-21 00:31:41,217 - __main__ - INFO - Weather in Berlin: 20.29
2023-08-28 00:32:45,300 - __main__ - INFO - Token value: 1234
2023-08-28 00:32:45,759 - __main__ - INFO - Weather in Berlin: 15.49
2023-09-04 00:32:51,578 - __main__ - INFO - Token value: 1234
2023-09-04 00:32:51,721 - __main__ - INFO - Weather in Berlin: 13.88
2023-09-11 00:33:02,029 - __main__ - INFO - Token value: 1234
2023-09-11 00:33:02,311 - __main__ - INFO - Weather in Berlin: 19.79
2023-09-18 00:33:08,034 - __main__ - INFO - Token value: 1234
2023-09-18 00:33:08,622 - __main__ - INFO - Weather in Berlin: 18.77
2023-09-25 00:33:31,589 - __main__ - INFO - Token value: 1234
2023-09-25 00:33:32,204 - __main__ - INFO - Weather in Berlin: 11.97
2023-10-02 00:33:45,247 - __main__ - INFO - Token value: 1234
2023-10-02 00:33:45,432 - __main__ - INFO - Weather in Berlin: 16.15
2023-10-09 00:33:46,073 - __main__ - INFO - Token value: 1234
2023-10-09 00:33:46,678 - __main__ - INFO - Weather in Berlin: 10.35
2023-10-16 00:34:12,581 - __main__ - INFO - Token value: 1234
2023-10-16 00:34:13,068 - __main__ - INFO - Weather in Berlin: 6.05
2023-10-23 00:33:38,346 - __main__ - INFO - Token value: 1234
2023-10-23 00:33:38,481 - __main__ - INFO - Weather in Berlin: 11.05
2023-10-30 00:34:04,551 - __main__ - INFO - Token value: 1234
2023-10-30 00:34:05,043 - __main__ - INFO - Weather in Berlin: 12.19
2023-11-06 00:34:49,810 - __main__ - INFO - Token value: 1234
2023-11-06 00:34:50,132 - __main__ - INFO - Weather in Berlin: 10.48
2023-11-13 00:35:20,583 - __main__ - INFO - Token value: 1234
2023-11-13 00:35:21,202 - __main__ - INFO - Weather in Berlin: 6.07
2023-11-20 00:36:06,535 - __main__ - INFO - Token value: 1234
2023-11-20 00:36:06,644 - __main__ - INFO - Weather in Berlin: 9.7
2023-11-27 00:35:44,273 - __main__ - INFO - Token value: 1234
2023-11-27 00:35:44,752 - __main__ - INFO - Weather in Berlin: -0.91
2023-12-04 00:36:12,963 - __main__ - INFO - Token value: 1234
2023-12-04 00:36:13,413 - __main__ - INFO - Weather in Berlin: -5.01
2023-12-11 00:36:36,877 - __main__ - INFO - Token value: 1234
2023-12-11 00:36:37,345 - __main__ - INFO - Weather in Berlin: 6.43
2023-12-18 00:36:39,535 - __main__ - INFO - Token value: 1234
2023-12-18 00:36:40,637 - __main__ - INFO - Weather in Berlin: 5.87
2023-12-25 00:35:57,463 - __main__ - INFO - Token value: 1234
2023-12-25 00:35:57,814 - __main__ - INFO - Weather in Berlin: 9.67
2023-12-31 15:55:17,396 - __main__ - INFO - Token value: 1234
2023-12-31 15:55:17,892 - __main__ - INFO - Weather in Berlin: 7.3
2024-01-01 12:08:37,817 - __main__ - INFO - Token value: 1234
2024-01-01 12:08:38,445 - __main__ - INFO - Weather in Berlin: 7.48
2024-01-01 14:06:11,726 - __main__ - INFO - Token value: 1234
2024-01-01 14:06:12,601 - __main__ - INFO - Weather in Berlin: 7.99
2024-01-01 16:06:28,922 - __main__ - INFO - Token value: 1234
2024-01-01 16:06:29,719 - __main__ - INFO - Weather in Berlin: 7.95
2024-01-01 18:07:12,827 - __main__ - INFO - Token value: 1234
2024-01-01 18:07:13,167 - __main__ - INFO - Weather in Berlin: 7.34
2024-01-01 20:06:13,648 - __main__ - INFO - Token value: 1234
2024-01-01 20:06:14,615 - __main__ - INFO - Weather in Berlin: 6.37
2024-01-01 22:06:06,550 - __main__ - INFO - Token value: 1234
2024-01-01 22:06:07,513 - __main__ - INFO - Weather in Berlin: 6.21
2024-01-02 00:23:21,238 - __main__ - INFO - Token value: 1234
2024-01-02 00:23:22,075 - __main__ - INFO - Weather in Berlin: 6.37
2024-01-02 02:16:36,029 - __main__ - INFO - Token value: 1234
2024-01-02 02:16:37,121 - __main__ - INFO - Weather in Berlin: 5.32
2024-01-02 04:06:34,175 - __main__ - INFO - Token value: 1234
2024-01-02 04:06:34,862 - __main__ - INFO - Weather in Berlin: 3.83
2024-01-02 06:07:13,252 - __main__ - INFO - Token value: 1234
2024-01-02 06:07:13,837 - __main__ - INFO - Weather in Berlin: 3.14
2024-01-02 08:07:15,032 - __main__ - INFO - Token value: 1234
2024-01-02 08:07:15,620 - __main__ - INFO - Weather in Berlin: 3.17
2024-01-02 10:06:16,617 - __main__ - INFO - Token value: 1234
2024-01-02 10:06:16,973 - __main__ - INFO - Weather in Berlin: 4.07
2024-01-02 12:08:31,759 - __main__ - INFO - Token value: 1234
2024-01-02 12:08:32,468 - __main__ - INFO - Weather in Berlin: 4.97
2024-01-02 14:06:09,378 - __main__ - INFO - Token value: 1234
2024-01-02 14:06:10,057 - __main__ - INFO - Weather in Berlin: 5.27
2024-01-02 16:06:44,684 - __main__ - INFO - Token value: 1234
2024-01-02 16:06:45,552 - __main__ - INFO - Weather in Berlin: 5.3
2024-01-02 18:06:57,752 - __main__ - INFO - Token value: 1234
2024-01-02 18:06:57,857 - __main__ - INFO - Weather in Berlin: 5.62
2024-01-02 20:06:20,268 - __main__ - INFO - Token value: 1234
2024-01-02 20:06:20,995 - __main__ - INFO - Weather in Berlin: 6.14
2024-01-02 22:06:01,852 - __main__ - INFO - Token value: 1234
2024-01-02 22:06:02,439 - __main__ - INFO - Weather in Berlin: 6.92
2024-01-03 00:23:23,676 - __main__ - INFO - Token value: 1234
2024-01-03 00:23:24,014 - __main__ - INFO - Weather in Berlin: 8.2
2024-01-03 02:14:55,127 - __main__ - INFO - Token value: 1234
2024-01-03 02:14:55,744 - __main__ - INFO - Weather in Berlin: 8.34
2024-01-03 04:06:41,380 - __main__ - INFO - Token value: 1234
2024-01-03 04:06:41,945 - __main__ - INFO - Weather in Berlin: 8.89
2024-01-03 06:07:21,975 - __main__ - INFO - Token value: 1234
2024-01-03 06:07:22,555 - __main__ - INFO - Weather in Berlin: 9.03
2024-01-03 08:07:01,154 - __main__ - INFO - Token value: 1234
2024-01-03 08:07:02,012 - __main__ - INFO - Weather in Berlin: 9.2
2024-01-03 10:06:24,959 - __main__ - INFO - Token value: 1234
2024-01-03 10:06:25,064 - __main__ - INFO - Weather in Berlin: 9.92
2024-01-03 12:08:46,577 - __main__ - INFO - Token value: 1234
2024-01-03 12:08:46,786 - __main__ - INFO - Weather in Berlin: 11.1
2024-01-03 14:06:10,816 - __main__ - INFO - Token value: 1234
2024-01-03 14:06:11,531 - __main__ - INFO - Weather in Berlin: 10.94
2024-01-03 16:06:40,187 - __main__ - INFO - Token value: 1234
2024-01-03 16:06:41,078 - __main__ - INFO - Weather in Berlin: 9.96
2024-01-03 18:06:54,817 - __main__ - INFO - Token value: 1234
2024-01-03 18:06:55,385 - __main__ - INFO - Weather in Berlin: 9.56
2024-01-03 20:06:30,113 - __main__ - INFO - Token value: 1234
2024-01-03 20:06:30,714 - __main__ - INFO - Weather in Berlin: 9.58
2024-01-03 22:06:13,942 - __main__ - INFO - Token value: 1234
2024-01-03 22:06:14,665 - __main__ - INFO - Weather in Berlin: 9.59
2024-01-04 00:23:47,943 - __main__ - INFO - Token value: 1234
2024-01-04 00:23:48,616 - __main__ - INFO - Weather in Berlin: 8.93
2024-01-04 02:15:38,668 - __main__ - INFO - Token value: 1234
2024-01-04 02:15:39,686 - __main__ - INFO - Weather in Berlin: 8.88
2024-01-04 04:06:51,696 - __main__ - INFO - Token value: 1234
2024-01-04 04:06:52,724 - __main__ - INFO - Weather in Berlin: 8.46
2024-01-04 06:07:27,749 - __main__ - INFO - Token value: 1234
2024-01-04 06:07:28,285 - __main__ - INFO - Weather in Berlin: 7.82
2024-01-04 08:07:04,990 - __main__ - INFO - Token value: 1234
2024-01-04 08:07:06,238 - __main__ - INFO - Weather in Berlin: 7.05
2024-01-04 10:06:27,431 - __main__ - INFO - Token value: 1234
2024-01-04 10:06:27,960 - __main__ - INFO - Weather in Berlin: 4.51
2024-01-04 12:08:36,561 - __main__ - INFO - Token value: 1234
2024-01-04 12:08:36,663 - __main__ - INFO - Weather in Berlin: 3.91
2024-01-04 14:06:10,734 - __main__ - INFO - Token value: 1234
2024-01-04 14:06:11,099 - __main__ - INFO - Weather in Berlin: 3.16
2024-01-04 16:06:49,400 - __main__ - INFO - Token value: 1234
2024-01-04 16:06:49,764 - __main__ - INFO - Weather in Berlin: 2.24
2024-01-04 18:06:49,838 - __main__ - INFO - Token value: 1234
2024-01-04 18:06:50,328 - __main__ - INFO - Weather in Berlin: 1.15
2024-01-04 20:06:22,319 - __main__ - INFO - Token value: 1234
2024-01-04 20:06:22,688 - __main__ - INFO - Weather in Berlin: 0.75
2024-01-04 22:06:33,840 - __main__ - INFO - Token value: 1234
2024-01-04 22:06:34,352 - __main__ - INFO - Weather in Berlin: 0.44
2024-01-05 00:23:42,912 - __main__ - INFO - Token value: 1234
2024-01-05 00:23:43,593 - __main__ - INFO - Weather in Berlin: 0.79
2024-01-05 02:16:12,329 - __main__ - INFO - Token value: 1234
2024-01-05 02:16:12,676 - __main__ - INFO - Weather in Berlin: 0.79
2024-01-05 04:06:56,109 - __main__ - INFO - Token value: 1234
2024-01-05 04:06:57,084 - __main__ - INFO - Weather in Berlin: 0.99
2024-01-05 06:07:30,891 - __main__ - INFO - Token value: 1234
2024-01-05 06:07:31,344 - __main__ - INFO - Weather in Berlin: 0.89
2024-01-05 08:07:18,241 - __main__ - INFO - Token value: 1234
2024-01-05 08:07:19,263 - __main__ - INFO - Weather in Berlin: 0.22
2024-01-05 10:06:19,779 - __main__ - INFO - Token value: 1234
2024-01-05 10:06:20,468 - __main__ - INFO - Weather in Berlin: 0.11
2024-01-05 12:08:49,296 - __main__ - INFO - Token value: 1234
2024-01-05 12:08:49,756 - __main__ - INFO - Weather in Berlin: 0.37
2024-01-05 14:06:17,899 - __main__ - INFO - Token value: 1234
2024-01-05 14:06:18,234 - __main__ - INFO - Weather in Berlin: 0.44
2024-01-05 16:06:27,214 - __main__ - INFO - Token value: 1234
2024-01-05 16:06:27,689 - __main__ - INFO - Weather in Berlin: 0.55
2024-01-05 18:07:01,523 - __main__ - INFO - Token value: 1234
2024-01-05 18:07:02,058 - __main__ - INFO - Weather in Berlin: 0.93
2024-01-05 20:06:21,538 - __main__ - INFO - Token value: 1234
2024-01-05 20:06:21,883 - __main__ - INFO - Weather in Berlin: 1.03
2024-01-05 22:06:03,757 - __main__ - INFO - Token value: 1234
2024-01-05 22:06:04,266 - __main__ - INFO - Weather in Berlin: 1.07
2024-01-06 00:23:38,778 - __main__ - INFO - Token value: 1234
2024-01-06 00:23:39,466 - __main__ - INFO - Weather in Berlin: 1.32
2024-01-06 02:14:40,074 - __main__ - INFO - Token value: 1234
2024-01-06 02:14:40,314 - __main__ - INFO - Weather in Berlin: 1.03
2024-01-06 04:06:33,267 - __main__ - INFO - Token value: 1234
2024-01-06 04:06:33,848 - __main__ - INFO - Weather in Berlin: 0.83
2024-01-06 06:06:38,090 - __main__ - INFO - Token value: 1234
2024-01-06 06:06:38,262 - __main__ - INFO - Weather in Berlin: 0.48
2024-01-06 08:06:47,752 - __main__ - INFO - Token value: 1234
2024-01-06 08:06:48,181 - __main__ - INFO - Weather in Berlin: 0.28
2024-01-06 10:06:05,021 - __main__ - INFO - Token value: 1234
2024-01-06 10:06:05,537 - __main__ - INFO - Weather in Berlin: 0.27
2024-01-06 12:07:54,303 - __main__ - INFO - Token value: 1234
2024-01-06 12:07:54,649 - __main__ - INFO - Weather in Berlin: -0.07
2024-01-06 14:06:08,775 - __main__ - INFO - Token value: 1234
2024-01-06 14:06:09,344 - __main__ - INFO - Weather in Berlin: -0.08
2024-01-06 16:06:21,598 - __main__ - INFO - Token value: 1234
2024-01-06 16:06:22,435 - __main__ - INFO - Weather in Berlin: -0.37
2024-01-06 18:06:46,226 - __main__ - INFO - Token value: 1234
2024-01-06 18:06:46,910 - __main__ - INFO - Weather in Berlin: -0.53
2024-01-06 20:06:16,906 - __main__ - INFO - Token value: 1234
2024-01-06 20:06:17,243 - __main__ - INFO - Weather in Berlin: -0.72
2024-01-06 22:06:02,664 - __main__ - INFO - Token value: 1234
2024-01-06 22:06:03,169 - __main__ - INFO - Weather in Berlin: -1.11
2024-01-07 00:26:17,450 - __main__ - INFO - Token value: 1234
2024-01-07 00:26:18,156 - __main__ - INFO - Weather in Berlin: -1.15
2024-01-07 02:18:44,490 - __main__ - INFO - Token value: 1234
2024-01-07 02:18:45,170 - __main__ - INFO - Weather in Berlin: -1.48
2024-01-07 04:06:45,773 - __main__ - INFO - Token value: 1234
2024-01-07 04:06:45,915 - __main__ - INFO - Weather in Berlin: -2.66
2024-01-07 06:06:49,598 - __main__ - INFO - Token value: 1234
2024-01-07 06:06:51,004 - __main__ - INFO - Weather in Berlin: -2.85
2024-01-07 08:06:58,911 - __main__ - INFO - Token value: 1234
2024-01-07 08:06:59,802 - __main__ - INFO - Weather in Berlin: -2.77
2024-01-07 10:06:12,558 - __main__ - INFO - Token value: 1234
2024-01-07 10:06:13,361 - __main__ - INFO - Weather in Berlin: -2.02
2024-01-07 12:07:56,677 - __main__ - INFO - Token value: 1234
2024-01-07 12:07:57,206 - __main__ - INFO - Weather in Berlin: -1.25
2024-01-07 14:06:01,002 - __main__ - INFO - Token value: 1234
2024-01-07 14:06:01,347 - __main__ - INFO - Weather in Berlin: -0.61
2024-01-07 16:06:31,734 - __main__ - INFO - Token value: 1234
2024-01-07 16:06:32,379 - __main__ - INFO - Weather in Berlin: -0.89
2024-01-07 18:06:29,607 - __main__ - INFO - Token value: 1234
2024-01-07 18:06:30,140 - __main__ - INFO - Weather in Berlin: -1.18
2024-01-07 20:06:19,458 - __main__ - INFO - Token value: 1234
2024-01-07 20:06:19,982 - __main__ - INFO - Weather in Berlin: -1.41
2024-01-07 22:06:20,282 - __main__ - INFO - Token value: 1234
2024-01-07 22:06:21,180 - __main__ - INFO - Weather in Berlin: -4.99
2024-01-08 00:24:48,470 - __main__ - INFO - Token value: 1234
2024-01-08 00:24:49,627 - __main__ - INFO - Weather in Berlin: -6.65
2024-01-08 02:17:22,484 - __main__ - INFO - Token value: 1234
2024-01-08 02:17:23,116 - __main__ - INFO - Weather in Berlin: -7.29
2024-01-08 04:07:01,177 - __main__ - INFO - Token value: 1234
2024-01-08 04:07:02,162 - __main__ - INFO - Weather in Berlin: -7.46
2024-01-08 06:07:33,704 - __main__ - INFO - Token value: 1234
2024-01-08 06:07:34,540 - __main__ - INFO - Weather in Berlin: -7.72
2024-01-08 08:07:54,430 - __main__ - INFO - Token value: 1234
2024-01-08 08:07:55,275 - __main__ - INFO - Weather in Berlin: -7.81
2024-01-08 10:06:24,898 - __main__ - INFO - Token value: 1234
2024-01-08 10:06:25,596 - __main__ - INFO - Weather in Berlin: -6.91
2024-01-08 12:09:02,078 - __main__ - INFO - Token value: 1234
2024-01-08 12:09:02,828 - __main__ - INFO - Weather in Berlin: -4.64
2024-01-08 14:06:18,343 - __main__ - INFO - Token value: 1234
2024-01-08 14:06:18,480 - __main__ - INFO - Weather in Berlin: -4.1
2024-01-08 16:06:33,625 - __main__ - INFO - Token value: 1234
2024-01-08 16:06:34,189 - __main__ - INFO - Weather in Berlin: -5.37
2024-01-08 18:06:58,453 - __main__ - INFO - Token value: 1234
2024-01-08 18:06:59,009 - __main__ - INFO - Weather in Berlin: -6.14
2024-01-08 20:07:44,532 - __main__ - INFO - Token value: 1234
2024-01-08 20:07:45,074 - __main__ - INFO - Weather in Berlin: -6.78
2024-01-08 22:06:08,679 - __main__ - INFO - Token value: 1234
2024-01-08 22:06:09,043 - __main__ - INFO - Weather in Berlin: -7.2
2024-01-09 00:24:21,334 - __main__ - INFO - Token value: 1234
2024-01-09 00:24:21,807 - __main__ - INFO - Weather in Berlin: -7.56
2024-01-09 02:18:05,018 - __main__ - INFO - Token value: 1234
2024-01-09 02:18:05,822 - __main__ - INFO - Weather in Berlin: -7.98
2024-01-09 04:06:54,058 - __main__ - INFO - Token value: 1234
2024-01-09 04:06:54,627 - __main__ - INFO - Weather in Berlin: -8.27
2024-01-09 06:07:19,843 - __main__ - INFO - Token value: 1234
2024-01-09 06:07:20,497 - __main__ - INFO - Weather in Berlin: -8.91
2024-01-09 08:07:43,662 - __main__ - INFO - Token value: 1234
2024-01-09 08:07:44,364 - __main__ - INFO - Weather in Berlin: -8.9
2024-01-09 10:06:20,495 - __main__ - INFO - Token value: 1234
2024-01-09 10:06:20,819 - __main__ - INFO - Weather in Berlin: -6.61
2024-01-09 12:08:59,322 - __main__ - INFO - Token value: 1234
2024-01-09 12:09:00,084 - __main__ - INFO - Weather in Berlin: -4.39
2024-01-09 14:06:24,859 - __main__ - INFO - Token value: 1234
2024-01-09 14:06:25,420 - __main__ - INFO - Weather in Berlin: -3.97
2024-01-09 16:06:43,634 - __main__ - INFO - Token value: 1234
2024-01-09 16:06:45,159 - __main__ - INFO - Weather in Berlin: -4.26
2024-01-09 18:06:26,240 - __main__ - INFO - Token value: 1234
2024-01-09 18:06:27,211 - __main__ - INFO - Weather in Berlin: -6.21
2024-01-09 20:06:38,116 - __main__ - INFO - Token value: 1234
2024-01-09 20:06:38,224 - __main__ - INFO - Weather in Berlin: -6.71
2024-01-09 22:06:15,675 - __main__ - INFO - Token value: 1234
2024-01-09 22:06:16,536 - __main__ - INFO - Weather in Berlin: -6.55
2024-01-10 00:24:03,654 - __main__ - INFO - Token value: 1234
2024-01-10 00:24:03,834 - __main__ - INFO - Weather in Berlin: -6.6
2024-01-10 02:17:45,378 - __main__ - INFO - Token value: 1234
2024-01-10 02:17:45,750 - __main__ - INFO - Weather in Berlin: -6.79
2024-01-10 04:07:01,620 - __main__ - INFO - Token value: 1234
2024-01-10 04:07:02,208 - __main__ - INFO - Weather in Berlin: -6.68
2024-01-10 06:07:42,364 - __main__ - INFO - Token value: 1234
2024-01-10 06:07:43,203 - __main__ - INFO - Weather in Berlin: -6.93
2024-01-10 08:07:21,896 - __main__ - INFO - Token value: 1234
2024-01-10 08:07:22,428 - __main__ - INFO - Weather in Berlin: -6.92
2024-01-10 10:06:18,156 - __main__ - INFO - Token value: 1234
2024-01-10 10:06:18,693 - __main__ - INFO - Weather in Berlin: -5.35
2024-01-10 12:08:53,238 - __main__ - INFO - Token value: 1234
2024-01-10 12:08:53,640 - __main__ - INFO - Weather in Berlin: -2.67
2024-01-10 14:06:16,005 - __main__ - INFO - Token value: 1234
2024-01-10 14:06:16,575 - __main__ - INFO - Weather in Berlin: -1.21
2024-01-10 16:06:48,726 - __main__ - INFO - Token value: 1234
2024-01-10 16:06:49,674 - __main__ - INFO - Weather in Berlin: -2.73
2024-01-10 18:06:59,140 - __main__ - INFO - Token value: 1234
2024-01-10 18:06:59,618 - __main__ - INFO - Weather in Berlin: -4.26
2024-01-10 20:06:29,761 - __main__ - INFO - Token value: 1234
2024-01-10 20:06:30,316 - __main__ - INFO - Weather in Berlin: -4.09
2024-01-10 22:06:02,143 - __main__ - INFO - Token value: 1234
2024-01-10 22:06:02,861 - __main__ - INFO - Weather in Berlin: -4.98
2024-01-11 00:23:51,956 - __main__ - INFO - Token value: 1234
2024-01-11 00:23:52,862 - __main__ - INFO - Weather in Berlin: -5.07
2024-01-11 02:17:47,325 - __main__ - INFO - Token value: 1234
2024-01-11 02:17:47,945 - __main__ - INFO - Weather in Berlin: -5.94
2024-01-11 04:06:54,878 - __main__ - INFO - Token value: 1234
2024-01-11 04:06:55,398 - __main__ - INFO - Weather in Berlin: -5.69
2024-01-11 06:07:37,135 - __main__ - INFO - Token value: 1234
2024-01-11 06:07:37,759 - __main__ - INFO - Weather in Berlin: -5.4
2024-01-11 08:07:23,276 - __main__ - INFO - Token value: 1234
2024-01-11 08:07:23,930 - __main__ - INFO - Weather in Berlin: -3.55
2024-01-11 10:06:24,202 - __main__ - INFO - Token value: 1234
2024-01-11 10:06:24,678 - __main__ - INFO - Weather in Berlin: -2.69
2024-01-11 12:08:50,752 - __main__ - INFO - Token value: 1234
2024-01-11 12:08:51,555 - __main__ - INFO - Weather in Berlin: -1.8
2024-01-11 14:06:11,801 - __main__ - INFO - Token value: 1234
2024-01-11 14:06:12,587 - __main__ - INFO - Weather in Berlin: -1.2
2024-01-11 16:06:42,959 - __main__ - INFO - Token value: 1234
2024-01-11 16:06:43,523 - __main__ - INFO - Weather in Berlin: -0.97
2024-01-11 18:06:57,607 - __main__ - INFO - Token value: 1234
2024-01-11 18:06:57,975 - __main__ - INFO - Weather in Berlin: -0.35
2024-01-11 20:06:23,857 - __main__ - INFO - Token value: 1234
2024-01-11 20:06:24,586 - __main__ - INFO - Weather in Berlin: 0.06
2024-01-11 22:06:04,808 - __main__ - INFO - Token value: 1234
2024-01-11 22:06:05,611 - __main__ - INFO - Weather in Berlin: 0.25
2024-01-12 00:23:48,375 - __main__ - INFO - Token value: 1234
2024-01-12 00:23:49,444 - __main__ - INFO - Weather in Berlin: 0.41
2024-01-12 02:17:59,097 - __main__ - INFO - Token value: 1234
2024-01-12 02:17:59,617 - __main__ - INFO - Weather in Berlin: 0.56
2024-01-12 04:06:52,603 - __main__ - INFO - Token value: 1234
2024-01-12 04:06:53,181 - __main__ - INFO - Weather in Berlin: 0.41
2024-01-12 06:07:26,249 - __main__ - INFO - Token value: 1234
2024-01-12 06:07:27,269 - __main__ - INFO - Weather in Berlin: 0.1
2024-01-12 08:07:13,883 - __main__ - INFO - Token value: 1234
2024-01-12 08:07:14,716 - __main__ - INFO - Weather in Berlin: -0.39
2024-01-12 10:06:28,079 - __main__ - INFO - Token value: 1234
2024-01-12 10:06:29,045 - __main__ - INFO - Weather in Berlin: 0.06
2024-01-12 12:08:58,268 - __main__ - INFO - Token value: 1234
2024-01-12 12:08:58,934 - __main__ - INFO - Weather in Berlin: -0.12
2024-01-12 14:06:23,140 - __main__ - INFO - Token value: 1234
2024-01-12 14:06:23,973 - __main__ - INFO - Weather in Berlin: -0.28
2024-01-12 16:06:32,876 - __main__ - INFO - Token value: 1234
2024-01-12 16:06:33,836 - __main__ - INFO - Weather in Berlin: -0.79
2024-01-12 18:06:46,259 - __main__ - INFO - Token value: 1234
2024-01-12 18:06:46,891 - __main__ - INFO - Weather in Berlin: -0.53
2024-01-12 20:06:27,019 - __main__ - INFO - Token value: 1234
2024-01-12 20:06:27,383 - __main__ - INFO - Weather in Berlin: 0.35
2024-01-12 22:06:06,973 - __main__ - INFO - Token value: 1234
2024-01-12 22:06:07,333 - __main__ - INFO - Weather in Berlin: 1.0
2024-01-13 00:23:37,159 - __main__ - INFO - Token value: 1234
2024-01-13 00:23:38,373 - __main__ - INFO - Weather in Berlin: 1.4
2024-01-13 02:16:09,206 - __main__ - INFO - Token value: 1234
2024-01-13 02:16:09,635 - __main__ - INFO - Weather in Berlin: 1.57
2024-01-13 04:06:35,156 - __main__ - INFO - Token value: 1234
2024-01-13 04:06:35,608 - __main__ - INFO - Weather in Berlin: 1.72
2024-01-13 06:06:37,114 - __main__ - INFO - Token value: 1234
2024-01-13 06:06:38,086 - __main__ - INFO - Weather in Berlin: 1.65
2024-01-13 08:06:44,363 - __main__ - INFO - Token value: 1234
2024-01-13 08:06:44,542 - __main__ - INFO - Weather in Berlin: 1.58
2024-01-13 10:06:07,529 - __main__ - INFO - Token value: 1234
2024-01-13 10:06:08,190 - __main__ - INFO - Weather in Berlin: 2.16
2024-01-13 12:07:59,454 - __main__ - INFO - Token value: 1234
2024-01-13 12:08:00,138 - __main__ - INFO - Weather in Berlin: 2.23
2024-01-13 14:05:58,130 - __main__ - INFO - Token value: 1234
2024-01-13 14:05:58,621 - __main__ - INFO - Weather in Berlin: 2.29
2024-01-13 16:06:13,754 - __main__ - INFO - Token value: 1234
2024-01-13 16:06:14,351 - __main__ - INFO - Weather in Berlin: 2.29
2024-01-13 18:06:43,075 - __main__ - INFO - Token value: 1234
2024-01-13 18:06:44,133 - __main__ - INFO - Weather in Berlin: 2.53
2024-01-13 20:06:15,729 - __main__ - INFO - Token value: 1234
2024-01-13 20:06:16,289 - __main__ - INFO - Weather in Berlin: 2.75
2024-01-13 22:06:01,053 - __main__ - INFO - Token value: 1234
2024-01-13 22:06:01,756 - __main__ - INFO - Weather in Berlin: 2.93
2024-01-14 00:26:17,393 - __main__ - INFO - Token value: 1234
2024-01-14 00:26:17,967 - __main__ - INFO - Weather in Berlin: 2.6
2024-01-14 02:18:50,693 - __main__ - INFO - Token value: 1234
2024-01-14 02:18:51,231 - __main__ - INFO - Weather in Berlin: 2.74
2024-01-14 04:06:35,555 - __main__ - INFO - Token value: 1234
2024-01-14 04:06:35,912 - __main__ - INFO - Weather in Berlin: 2.17
2024-01-14 06:07:06,302 - __main__ - INFO - Token value: 1234
2024-01-14 06:07:06,763 - __main__ - INFO - Weather in Berlin: 2.2
2024-01-14 08:06:46,664 - __main__ - INFO - Token value: 1234
2024-01-14 08:06:47,358 - __main__ - INFO - Weather in Berlin: 2.07
2024-01-14 10:06:07,612 - __main__ - INFO - Token value: 1234
2024-01-14 10:06:08,732 - __main__ - INFO - Weather in Berlin: 2.83
2024-01-14 12:07:57,171 - __main__ - INFO - Token value: 1234
2024-01-14 12:07:57,876 - __main__ - INFO - Weather in Berlin: 3.32
2024-01-14 14:06:02,085 - __main__ - INFO - Token value: 1234
2024-01-14 14:06:02,798 - __main__ - INFO - Weather in Berlin: 3.31
2024-01-14 16:06:33,407 - __main__ - INFO - Token value: 1234
2024-01-14 16:06:33,948 - __main__ - INFO - Weather in Berlin: 3.14
2024-01-14 18:06:41,656 - __main__ - INFO - Token value: 1234
2024-01-14 18:06:42,611 - __main__ - INFO - Weather in Berlin: 2.51
2024-01-14 20:06:18,736 - __main__ - INFO - Token value: 1234
2024-01-14 20:06:19,215 - __main__ - INFO - Weather in Berlin: 2.32
2024-01-14 22:06:03,651 - __main__ - INFO - Token value: 1234
2024-01-14 22:06:04,467 - __main__ - INFO - Weather in Berlin: 2.14
2024-01-15 00:25:14,395 - __main__ - INFO - Token value: 1234
2024-01-15 00:25:14,501 - __main__ - INFO - Weather in Berlin: 2.04
2024-01-15 02:18:35,663 - __main__ - INFO - Token value: 1234
2024-01-15 02:18:36,250 - __main__ - INFO - Weather in Berlin: 1.35
2024-01-15 04:07:07,069 - __main__ - INFO - Token value: 1234
2024-01-15 04:07:08,102 - __main__ - INFO - Weather in Berlin: 1.35
2024-01-15 06:07:53,614 - __main__ - INFO - Token value: 1234
2024-01-15 06:07:54,286 - __main__ - INFO - Weather in Berlin: 1.77
2024-01-15 08:07:53,133 - __main__ - INFO - Token value: 1234
2024-01-15 08:07:53,873 - __main__ - INFO - Weather in Berlin: 1.83
2024-01-15 10:06:27,805 - __main__ - INFO - Token value: 1234
2024-01-15 10:06:28,291 - __main__ - INFO - Weather in Berlin: 2.19
2024-01-15 12:09:03,671 - __main__ - INFO - Token value: 1234
2024-01-15 12:09:03,863 - __main__ - INFO - Weather in Berlin: 2.88
2024-01-15 14:06:20,478 - __main__ - INFO - Token value: 1234
2024-01-15 14:06:21,297 - __main__ - INFO - Weather in Berlin: 2.09
2024-01-15 16:06:26,601 - __main__ - INFO - Token value: 1234
2024-01-15 16:06:27,136 - __main__ - INFO - Weather in Berlin: 1.78
2024-01-15 18:06:50,360 - __main__ - INFO - Token value: 1234
2024-01-15 18:06:50,940 - __main__ - INFO - Weather in Berlin: 1.11
2024-01-15 20:06:28,247 - __main__ - INFO - Token value: 1234
2024-01-15 20:06:28,872 - __main__ - INFO - Weather in Berlin: 0.76
2024-01-15 22:06:10,788 - __main__ - INFO - Token value: 1234
2024-01-15 22:06:11,792 - __main__ - INFO - Weather in Berlin: 0.06
2024-01-16 00:23:45,964 - __main__ - INFO - Token value: 1234
2024-01-16 00:23:46,542 - __main__ - INFO - Weather in Berlin: -0.48
2024-01-16 02:17:41,645 - __main__ - INFO - Token value: 1234
2024-01-16 02:17:43,008 - __main__ - INFO - Weather in Berlin: -1.21
2024-01-16 04:06:53,710 - __main__ - INFO - Token value: 1234
2024-01-16 04:06:54,784 - __main__ - INFO - Weather in Berlin: -2.02
2024-01-16 06:07:18,166 - __main__ - INFO - Token value: 1234
2024-01-16 06:07:18,616 - __main__ - INFO - Weather in Berlin: -2.35
2024-01-16 08:07:43,302 - __main__ - INFO - Token value: 1234
2024-01-16 08:07:44,430 - __main__ - INFO - Weather in Berlin: -1.88
2024-01-16 10:06:24,901 - __main__ - INFO - Token value: 1234
2024-01-16 10:06:25,504 - __main__ - INFO - Weather in Berlin: -0.66
2024-01-16 12:08:59,259 - __main__ - INFO - Token value: 1234
2024-01-16 12:09:00,040 - __main__ - INFO - Weather in Berlin: 0.19
2024-01-16 14:06:16,481 - __main__ - INFO - Token value: 1234
2024-01-16 14:06:17,128 - __main__ - INFO - Weather in Berlin: 0.64
2024-01-16 16:06:34,779 - __main__ - INFO - Token value: 1234
2024-01-16 16:06:35,368 - __main__ - INFO - Weather in Berlin: 0.5
2024-01-16 18:06:52,191 - __main__ - INFO - Token value: 1234
2024-01-16 18:06:52,885 - __main__ - INFO - Weather in Berlin: 0.17
2024-01-16 20:06:41,762 - __main__ - INFO - Token value: 1234
2024-01-16 20:06:42,294 - __main__ - INFO - Weather in Berlin: 0.24
2024-01-16 22:06:07,462 - __main__ - INFO - Token value: 1234
2024-01-16 22:06:08,383 - __main__ - INFO - Weather in Berlin: -0.21
2024-01-17 00:23:59,190 - __main__ - INFO - Token value: 1234
2024-01-17 00:23:59,880 - __main__ - INFO - Weather in Berlin: -2.18
2024-01-17 02:17:41,262 - __main__ - INFO - Token value: 1234
2024-01-17 02:17:41,801 - __main__ - INFO - Weather in Berlin: -2.62
2024-01-17 04:06:48,641 - __main__ - INFO - Token value: 1234
2024-01-17 04:06:49,269 - __main__ - INFO - Weather in Berlin: -3.61
2024-01-17 06:07:35,153 - __main__ - INFO - Token value: 1234
2024-01-17 06:07:35,514 - __main__ - INFO - Weather in Berlin: -3.84
2024-01-17 08:07:20,673 - __main__ - INFO - Token value: 1234
2024-01-17 08:07:21,194 - __main__ - INFO - Weather in Berlin: -4.22
2024-01-17 10:06:29,538 - __main__ - INFO - Token value: 1234
2024-01-17 10:06:29,897 - __main__ - INFO - Weather in Berlin: -3.17
2024-01-17 12:09:12,771 - __main__ - INFO - Token value: 1234
2024-01-17 12:09:13,656 - __main__ - INFO - Weather in Berlin: -0.86
2024-01-17 14:06:19,601 - __main__ - INFO - Token value: 1234
2024-01-17 14:06:20,053 - __main__ - INFO - Weather in Berlin: 0.27
2024-01-17 16:06:37,016 - __main__ - INFO - Token value: 1234
2024-01-17 16:06:37,615 - __main__ - INFO - Weather in Berlin: -0.59
2024-01-17 18:06:53,681 - __main__ - INFO - Token value: 1234
2024-01-17 18:06:54,033 - __main__ - INFO - Weather in Berlin: -0.61
2024-01-17 20:06:22,162 - __main__ - INFO - Token value: 1234
2024-01-17 20:06:22,432 - __main__ - INFO - Weather in Berlin: -0.85
2024-01-17 22:06:05,769 - __main__ - INFO - Token value: 1234
2024-01-17 22:06:06,079 - __main__ - INFO - Weather in Berlin: -0.91
2024-01-18 00:23:49,330 - __main__ - INFO - Token value: 1234
2024-01-18 00:23:50,244 - __main__ - INFO - Weather in Berlin: -0.94
2024-01-18 02:17:30,827 - __main__ - INFO - Token value: 1234
2024-01-18 02:17:31,785 - __main__ - INFO - Weather in Berlin: -1.24
2024-01-18 04:06:43,766 - __main__ - INFO - Token value: 1234
2024-01-18 04:06:44,455 - __main__ - INFO - Weather in Berlin: -1.6
2024-01-18 06:07:23,121 - __main__ - INFO - Token value: 1234
2024-01-18 06:07:23,396 - __main__ - INFO - Weather in Berlin: -2.03
2024-01-18 08:07:22,979 - __main__ - INFO - Token value: 1234
2024-01-18 08:07:23,248 - __main__ - INFO - Weather in Berlin: -2.13
2024-01-18 10:06:35,056 - __main__ - INFO - Token value: 1234
2024-01-18 10:06:35,330 - __main__ - INFO - Weather in Berlin: -1.0
2024-01-18 12:09:12,407 - __main__ - INFO - Token value: 1234
2024-01-18 12:09:12,666 - __main__ - INFO - Weather in Berlin: -0.36
2024-01-18 14:06:11,583 - __main__ - INFO - Token value: 1234
2024-01-18 14:06:12,215 - __main__ - INFO - Weather in Berlin: -0.03
2024-01-18 16:06:32,953 - __main__ - INFO - Token value: 1234
2024-01-18 16:06:33,624 - __main__ - INFO - Weather in Berlin: -1.85
2024-01-18 18:06:55,689 - __main__ - INFO - Token value: 1234
2024-01-18 18:06:56,247 - __main__ - INFO - Weather in Berlin: -2.01
2024-01-18 20:06:22,066 - __main__ - INFO - Token value: 1234
2024-01-18 20:06:22,764 - __main__ - INFO - Weather in Berlin: -2.19
2024-01-18 22:06:11,311 - __main__ - INFO - Token value: 1234
2024-01-18 22:06:11,605 - __main__ - INFO - Weather in Berlin: -3.8
2024-01-19 00:24:08,987 - __main__ - INFO - Token value: 1234
2024-01-19 00:24:09,439 - __main__ - INFO - Weather in Berlin: -3.87
2024-01-19 02:18:07,355 - __main__ - INFO - Token value: 1234
2024-01-19 02:18:08,087 - __main__ - INFO - Weather in Berlin: -3.84
2024-01-19 04:07:03,827 - __main__ - INFO - Token value: 1234
2024-01-19 04:07:04,482 - __main__ - INFO - Weather in Berlin: -3.48
2024-01-19 06:07:18,466 - __main__ - INFO - Token value: 1234
2024-01-19 06:07:18,906 - __main__ - INFO - Weather in Berlin: -2.28
2024-01-19 08:07:21,031 - __main__ - INFO - Token value: 1234
2024-01-19 08:07:21,952 - __main__ - INFO - Weather in Berlin: -1.97
2024-01-19 10:06:19,693 - __main__ - INFO - Token value: 1234
2024-01-19 10:06:20,467 - __main__ - INFO - Weather in Berlin: -0.24
2024-01-19 12:08:50,826 - __main__ - INFO - Token value: 1234
2024-01-19 12:08:50,964 - __main__ - INFO - Weather in Berlin: 1.86
2024-01-19 14:06:20,146 - __main__ - INFO - Token value: 1234
2024-01-19 14:06:20,600 - __main__ - INFO - Weather in Berlin: 2.13
2024-01-19 16:06:28,249 - __main__ - INFO - Token value: 1234
2024-01-19 16:06:28,688 - __main__ - INFO - Weather in Berlin: 1.39
2024-01-19 18:07:08,366 - __main__ - INFO - Token value: 1234
2024-01-19 18:07:08,942 - __main__ - INFO - Weather in Berlin: 0.88
2024-01-19 20:06:25,496 - __main__ - INFO - Token value: 1234
2024-01-19 20:06:26,706 - __main__ - INFO - Weather in Berlin: 0.33
2024-01-19 22:06:02,815 - __main__ - INFO - Token value: 1234
2024-01-19 22:06:03,239 - __main__ - INFO - Weather in Berlin: -0.05
2024-01-20 00:23:13,965 - __main__ - INFO - Token value: 1234
2024-01-20 00:23:14,408 - __main__ - INFO - Weather in Berlin: -0.38
2024-01-20 02:15:51,122 - __main__ - INFO - Token value: 1234
2024-01-20 02:15:51,568 - __main__ - INFO - Weather in Berlin: -0.45
2024-01-20 04:06:45,431 - __main__ - INFO - Token value: 1234
2024-01-20 04:06:45,944 - __main__ - INFO - Weather in Berlin: 0.02
2024-01-20 06:06:33,983 - __main__ - INFO - Token value: 1234
2024-01-20 06:06:34,640 - __main__ - INFO - Weather in Berlin: -0.02
2024-01-20 08:06:49,319 - __main__ - INFO - Token value: 1234
2024-01-20 08:06:50,371 - __main__ - INFO - Weather in Berlin: 0.16
2024-01-20 10:06:04,495 - __main__ - INFO - Token value: 1234
2024-01-20 10:06:04,787 - __main__ - INFO - Weather in Berlin: 1.05
2024-01-20 12:07:56,805 - __main__ - INFO - Token value: 1234
2024-01-20 12:07:57,042 - __main__ - INFO - Weather in Berlin: 2.05
2024-01-20 14:05:57,380 - __main__ - INFO - Token value: 1234
2024-01-20 14:05:57,647 - __main__ - INFO - Weather in Berlin: 3.11
2024-01-20 16:06:23,763 - __main__ - INFO - Token value: 1234
2024-01-20 16:06:24,479 - __main__ - INFO - Weather in Berlin: 2.91
2024-01-20 18:06:31,730 - __main__ - INFO - Token value: 1234
2024-01-20 18:06:32,171 - __main__ - INFO - Weather in Berlin: 1.24
2024-01-20 20:06:11,259 - __main__ - INFO - Token value: 1234
2024-01-20 20:06:12,238 - __main__ - INFO - Weather in Berlin: -0.1
2024-01-20 22:05:54,628 - __main__ - INFO - Token value: 1234
2024-01-20 22:05:54,894 - __main__ - INFO - Weather in Berlin: -1.38
2024-01-21 00:26:18,276 - __main__ - INFO - Token value: 1234
2024-01-21 00:26:18,910 - __main__ - INFO - Weather in Berlin: -2.71
2024-01-21 02:19:01,405 - __main__ - INFO - Token value: 1234
2024-01-21 02:19:02,564 - __main__ - INFO - Weather in Berlin: -4.12
2024-01-21 04:06:36,583 - __main__ - INFO - Token value: 1234
2024-01-21 04:06:37,250 - __main__ - INFO - Weather in Berlin: -4.34
2024-01-21 06:07:10,539 - __main__ - INFO - Token value: 1234
2024-01-21 06:07:11,586 - __main__ - INFO - Weather in Berlin: -3.7
2024-01-21 08:06:50,904 - __main__ - INFO - Token value: 1234
2024-01-21 08:06:51,623 - __main__ - INFO - Weather in Berlin: -2.96
2024-01-21 10:06:23,358 - __main__ - INFO - Token value: 1234
2024-01-21 10:06:24,151 - __main__ - INFO - Weather in Berlin: -0.22
2024-01-21 12:07:55,279 - __main__ - INFO - Token value: 1234
2024-01-21 12:07:55,989 - __main__ - INFO - Weather in Berlin: 1.3
2024-01-21 14:06:00,490 - __main__ - INFO - Token value: 1234
2024-01-21 14:06:01,121 - __main__ - INFO - Weather in Berlin: 2.52
2024-01-21 16:06:24,741 - __main__ - INFO - Token value: 1234
2024-01-21 16:06:25,385 - __main__ - INFO - Weather in Berlin: 2.42
2024-01-21 18:06:47,037 - __main__ - INFO - Token value: 1234
2024-01-21 18:06:47,674 - __main__ - INFO - Weather in Berlin: 2.52
2024-01-21 20:06:15,972 - __main__ - INFO - Token value: 1234
2024-01-21 20:06:16,621 - __main__ - INFO - Weather in Berlin: 2.84
2024-01-21 22:05:57,423 - __main__ - INFO - Token value: 1234
2024-01-21 22:05:58,103 - __main__ - INFO - Weather in Berlin: 2.82
2024-01-22 00:25:28,808 - __main__ - INFO - Token value: 1234
2024-01-22 00:25:29,249 - __main__ - INFO - Weather in Berlin: 2.86
2024-01-22 02:19:17,654 - __main__ - INFO - Token value: 1234
2024-01-22 02:19:18,190 - __main__ - INFO - Weather in Berlin: 3.17
2024-01-22 04:07:11,787 - __main__ - INFO - Token value: 1234
2024-01-22 04:07:12,338 - __main__ - INFO - Weather in Berlin: 3.68
2024-01-22 06:08:07,466 - __main__ - INFO - Token value: 1234
2024-01-22 06:08:08,339 - __main__ - INFO - Weather in Berlin: 4.55
2024-01-22 08:08:09,585 - __main__ - INFO - Token value: 1234
2024-01-22 08:08:10,050 - __main__ - INFO - Weather in Berlin: 6.82
2024-01-22 10:06:25,076 - __main__ - INFO - Token value: 1234
2024-01-22 10:06:25,972 - __main__ - INFO - Weather in Berlin: 6.03
2024-01-22 12:09:08,955 - __main__ - INFO - Token value: 1234
2024-01-22 12:09:09,231 - __main__ - INFO - Weather in Berlin: 8.23
2024-01-22 14:06:30,071 - __main__ - INFO - Token value: 1234
2024-01-22 14:06:30,494 - __main__ - INFO - Weather in Berlin: 9.3
2024-01-22 16:06:34,120 - __main__ - INFO - Token value: 1234
2024-01-22 16:06:34,334 - __main__ - INFO - Weather in Berlin: 9.59
2024-01-22 18:07:06,395 - __main__ - INFO - Token value: 1234
2024-01-22 18:07:07,042 - __main__ - INFO - Weather in Berlin: 8.54
2024-01-22 20:06:23,058 - __main__ - INFO - Token value: 1234
2024-01-22 20:06:23,794 - __main__ - INFO - Weather in Berlin: 7.47
2024-01-22 22:06:08,128 - __main__ - INFO - Token value: 1234
2024-01-22 22:06:09,119 - __main__ - INFO - Weather in Berlin: 6.82
2024-01-23 00:24:16,652 - __main__ - INFO - Token value: 1234
2024-01-23 00:24:17,203 - __main__ - INFO - Weather in Berlin: 6.01
2024-01-23 02:18:11,917 - __main__ - INFO - Token value: 1234
2024-01-23 02:18:12,656 - __main__ - INFO - Weather in Berlin: 5.58
2024-01-23 04:06:51,046 - __main__ - INFO - Token value: 1234
2024-01-23 04:06:51,545 - __main__ - INFO - Weather in Berlin: 5.18
2024-01-23 06:07:47,063 - __main__ - INFO - Token value: 1234
2024-01-23 06:07:47,732 - __main__ - INFO - Weather in Berlin: 4.96
2024-01-23 08:07:59,191 - __main__ - INFO - Token value: 1234
2024-01-23 08:08:00,241 - __main__ - INFO - Weather in Berlin: 5.33
2024-01-23 10:06:28,247 - __main__ - INFO - Token value: 1234
2024-01-23 10:06:28,823 - __main__ - INFO - Weather in Berlin: 6.62
2024-01-23 12:09:01,677 - __main__ - INFO - Token value: 1234
2024-01-23 12:09:02,203 - __main__ - INFO - Weather in Berlin: 7.65
2024-01-23 14:06:14,433 - __main__ - INFO - Token value: 1234
2024-01-23 14:06:15,158 - __main__ - INFO - Weather in Berlin: 7.97
2024-01-23 16:06:37,154 - __main__ - INFO - Token value: 1234
2024-01-23 16:06:37,612 - __main__ - INFO - Weather in Berlin: 7.47
2024-01-23 18:07:19,406 - __main__ - INFO - Token value: 1234
2024-01-23 18:07:20,226 - __main__ - INFO - Weather in Berlin: 6.17
2024-01-23 20:06:41,148 - __main__ - INFO - Token value: 1234
2024-01-23 20:06:41,791 - __main__ - INFO - Weather in Berlin: 4.24
2024-01-23 22:06:08,836 - __main__ - INFO - Token value: 1234
2024-01-23 22:06:09,304 - __main__ - INFO - Weather in Berlin: 4.78
2024-01-24 00:24:30,076 - __main__ - INFO - Token value: 1234
2024-01-24 00:24:30,339 - __main__ - INFO - Weather in Berlin: 4.85
2024-01-24 02:18:03,093 - __main__ - INFO - Token value: 1234
2024-01-24 02:18:03,766 - __main__ - INFO - Weather in Berlin: 5.69
2024-01-24 04:06:56,418 - __main__ - INFO - Token value: 1234
2024-01-24 04:06:57,314 - __main__ - INFO - Weather in Berlin: 7.08
2024-01-24 06:08:04,378 - __main__ - INFO - Token value: 1234
2024-01-24 06:08:04,857 - __main__ - INFO - Weather in Berlin: 9.04
2024-01-24 08:07:26,070 - __main__ - INFO - Token value: 1234
2024-01-24 08:07:26,585 - __main__ - INFO - Weather in Berlin: 9.67
2024-01-24 10:06:27,866 - __main__ - INFO - Token value: 1234
2024-01-24 10:06:28,399 - __main__ - INFO - Weather in Berlin: 9.69
2024-01-24 12:09:20,955 - __main__ - INFO - Token value: 1234
2024-01-24 12:09:21,188 - __main__ - INFO - Weather in Berlin: 10.95
2024-01-24 14:06:19,592 - __main__ - INFO - Token value: 1234
2024-01-24 14:06:20,452 - __main__ - INFO - Weather in Berlin: 10.91
2024-01-24 16:06:56,041 - __main__ - INFO - Token value: 1234
2024-01-24 16:06:56,892 - __main__ - INFO - Weather in Berlin: 10.06
2024-01-24 18:07:05,640 - __main__ - INFO - Token value: 1234
2024-01-24 18:07:06,148 - __main__ - INFO - Weather in Berlin: 9.26
2024-01-24 20:06:30,725 - __main__ - INFO - Token value: 1234
2024-01-24 20:06:31,250 - __main__ - INFO - Weather in Berlin: 8.7
2024-01-24 22:06:03,441 - __main__ - INFO - Token value: 1234
2024-01-24 22:06:04,067 - __main__ - INFO - Weather in Berlin: 8.49
2024-01-25 00:24:14,947 - __main__ - INFO - Token value: 1234
2024-01-25 00:24:15,328 - __main__ - INFO - Weather in Berlin: 8.49
2024-01-25 02:18:22,858 - __main__ - INFO - Token value: 1234
2024-01-25 02:18:23,403 - __main__ - INFO - Weather in Berlin: 8.13
2024-01-25 04:06:57,087 - __main__ - INFO - Token value: 1234
2024-01-25 04:06:57,684 - __main__ - INFO - Weather in Berlin: 7.91
2024-01-25 06:07:48,183 - __main__ - INFO - Token value: 1234
2024-01-25 06:07:48,995 - __main__ - INFO - Weather in Berlin: 7.65
2024-01-25 08:07:42,126 - __main__ - INFO - Token value: 1234
2024-01-25 08:07:42,863 - __main__ - INFO - Weather in Berlin: 7.54
2024-01-25 10:06:23,161 - __main__ - INFO - Token value: 1234
2024-01-25 10:06:23,851 - __main__ - INFO - Weather in Berlin: 7.84
2024-01-25 12:09:10,888 - __main__ - INFO - Token value: 1234
2024-01-25 12:09:11,266 - __main__ - INFO - Weather in Berlin: 8.17
2024-01-25 14:06:16,510 - __main__ - INFO - Token value: 1234
2024-01-25 14:06:17,044 - __main__ - INFO - Weather in Berlin: 8.57
2024-01-25 16:06:41,088 - __main__ - INFO - Token value: 1234
2024-01-25 16:06:41,565 - __main__ - INFO - Weather in Berlin: 7.94
2024-01-25 18:07:13,716 - __main__ - INFO - Token value: 1234
2024-01-25 18:07:14,384 - __main__ - INFO - Weather in Berlin: 7.4
2024-01-25 20:06:17,420 - __main__ - INFO - Token value: 1234
2024-01-25 20:06:18,132 - __main__ - INFO - Weather in Berlin: 7.01
2024-01-25 22:05:45,718 - __main__ - INFO - Token value: 1234
2024-01-25 22:05:46,095 - __main__ - INFO - Weather in Berlin: 5.88
2024-01-26 00:22:50,027 - __main__ - INFO - Token value: 1234
2024-01-26 00:22:50,507 - __main__ - INFO - Weather in Berlin: 3.92
2024-01-26 02:12:46,656 - __main__ - INFO - Token value: 1234
2024-01-26 02:12:46,888 - __main__ - INFO - Weather in Berlin: 2.43
2024-01-26 04:07:26,564 - __main__ - INFO - Token value: 1234
2024-01-26 04:07:27,130 - __main__ - INFO - Weather in Berlin: 1.51
2024-01-26 06:07:00,720 - __main__ - INFO - Token value: 1234
2024-01-26 06:07:01,502 - __main__ - INFO - Weather in Berlin: 2.38
2024-01-26 08:06:48,947 - __main__ - INFO - Token value: 1234
2024-01-26 08:06:49,396 - __main__ - INFO - Weather in Berlin: 2.2
2024-01-26 10:06:26,329 - __main__ - INFO - Token value: 1234
2024-01-26 10:06:26,795 - __main__ - INFO - Weather in Berlin: 4.86
2024-01-26 12:08:06,150 - __main__ - INFO - Token value: 1234
2024-01-26 12:08:06,544 - __main__ - INFO - Weather in Berlin: 7.72
2024-01-26 14:06:12,957 - __main__ - INFO - Token value: 1234
2024-01-26 14:06:13,497 - __main__ - INFO - Weather in Berlin: 8.21
2024-01-26 16:06:33,833 - __main__ - INFO - Token value: 1234
2024-01-26 16:06:34,423 - __main__ - INFO - Weather in Berlin: 8.71
2024-01-26 18:06:46,150 - __main__ - INFO - Token value: 1234
2024-01-26 18:06:46,528 - __main__ - INFO - Weather in Berlin: 7.75
2024-01-26 20:06:22,333 - __main__ - INFO - Token value: 1234
2024-01-26 20:06:22,439 - __main__ - INFO - Weather in Berlin: 6.77
2024-01-26 22:06:01,959 - __main__ - INFO - Token value: 1234
2024-01-26 22:06:02,572 - __main__ - INFO - Weather in Berlin: 5.5
2024-01-27 00:21:25,237 - __main__ - INFO - Token value: 1234
2024-01-27 00:21:25,973 - __main__ - INFO - Weather in Berlin: 5.46
2024-01-27 02:09:43,782 - __main__ - INFO - Token value: 1234
2024-01-27 02:09:44,414 - __main__ - INFO - Weather in Berlin: 5.17
2024-01-27 04:06:15,169 - __main__ - INFO - Token value: 1234
2024-01-27 04:06:15,723 - __main__ - INFO - Weather in Berlin: 4.69
2024-01-27 06:06:27,375 - __main__ - INFO - Token value: 1234
2024-01-27 06:06:28,027 - __main__ - INFO - Weather in Berlin: 4.23
2024-01-27 08:06:40,012 - __main__ - INFO - Token value: 1234
2024-01-27 08:06:40,822 - __main__ - INFO - Weather in Berlin: 4.91
2024-01-27 10:06:10,587 - __main__ - INFO - Token value: 1234
2024-01-27 10:06:11,058 - __main__ - INFO - Weather in Berlin: 5.79
2024-01-27 12:07:30,081 - __main__ - INFO - Token value: 1234
2024-01-27 12:07:30,310 - __main__ - INFO - Weather in Berlin: 6.55
2024-01-27 14:06:17,808 - __main__ - INFO - Token value: 1234
2024-01-27 14:06:18,388 - __main__ - INFO - Weather in Berlin: 6.88
2024-01-27 16:06:19,563 - __main__ - INFO - Token value: 1234
2024-01-27 16:06:20,372 - __main__ - INFO - Weather in Berlin: 6.46
2024-01-27 18:06:16,195 - __main__ - INFO - Token value: 1234
2024-01-27 18:06:16,445 - __main__ - INFO - Weather in Berlin: 4.59
2024-01-27 20:05:52,590 - __main__ - INFO - Token value: 1234
2024-01-27 20:05:53,455 - __main__ - INFO - Weather in Berlin: 3.37
2024-01-27 22:06:09,498 - __main__ - INFO - Token value: 1234
2024-01-27 22:06:10,338 - __main__ - INFO - Weather in Berlin: 3.11
2024-01-28 00:24:32,036 - __main__ - INFO - Token value: 1234
2024-01-28 00:24:32,285 - __main__ - INFO - Weather in Berlin: 1.94
2024-01-28 02:12:32,474 - __main__ - INFO - Token value: 1234
2024-01-28 02:12:33,246 - __main__ - INFO - Weather in Berlin: 1.83
2024-01-28 04:06:59,959 - __main__ - INFO - Token value: 1234
2024-01-28 04:07:00,685 - __main__ - INFO - Weather in Berlin: 0.85
2024-01-28 06:06:30,886 - __main__ - INFO - Token value: 1234
2024-01-28 06:06:31,521 - __main__ - INFO - Weather in Berlin: 0.42
2024-01-28 08:07:05,041 - __main__ - INFO - Token value: 1234
2024-01-28 08:07:05,924 - __main__ - INFO - Weather in Berlin: -0.3
2024-01-28 10:05:57,266 - __main__ - INFO - Token value: 1234
2024-01-28 10:05:57,724 - __main__ - INFO - Weather in Berlin: 1.97
2024-01-28 12:07:17,284 - __main__ - INFO - Token value: 1234
2024-01-28 12:07:17,809 - __main__ - INFO - Weather in Berlin: 5.94
2024-01-28 14:06:00,126 - __main__ - INFO - Token value: 1234
2024-01-28 14:06:00,855 - __main__ - INFO - Weather in Berlin: 7.38
2024-01-28 16:06:17,350 - __main__ - INFO - Token value: 1234
2024-01-28 16:06:17,959 - __main__ - INFO - Weather in Berlin: 7.02
2024-01-28 18:06:10,078 - __main__ - INFO - Token value: 1234
2024-01-28 18:06:10,960 - __main__ - INFO - Weather in Berlin: 4.5
2024-01-28 20:06:22,241 - __main__ - INFO - Token value: 1234
2024-01-28 20:06:22,878 - __main__ - INFO - Weather in Berlin: 3.47
2024-01-28 22:06:12,067 - __main__ - INFO - Token value: 1234
2024-01-28 22:06:12,289 - __main__ - INFO - Weather in Berlin: 2.38
2024-01-29 00:23:03,931 - __main__ - INFO - Token value: 1234
2024-01-29 00:23:04,866 - __main__ - INFO - Weather in Berlin: 1.76
2024-01-29 02:11:14,080 - __main__ - INFO - Token value: 1234
2024-01-29 02:11:14,319 - __main__ - INFO - Weather in Berlin: 1.27
2024-01-29 04:06:41,415 - __main__ - INFO - Token value: 1234
2024-01-29 04:06:42,276 - __main__ - INFO - Weather in Berlin: 0.98
2024-01-29 06:07:13,904 - __main__ - INFO - Token value: 1234
2024-01-29 06:07:14,390 - __main__ - INFO - Weather in Berlin: 0.55
2024-01-29 08:07:02,447 - __main__ - INFO - Token value: 1234
2024-01-29 08:07:02,631 - __main__ - INFO - Weather in Berlin: 1.36
2024-01-29 10:06:18,654 - __main__ - INFO - Token value: 1234
2024-01-29 10:06:19,026 - __main__ - INFO - Weather in Berlin: 5.81
2024-01-29 12:08:56,724 - __main__ - INFO - Token value: 1234
2024-01-29 12:08:57,077 - __main__ - INFO - Weather in Berlin: 8.85
2024-01-29 14:06:01,772 - __main__ - INFO - Token value: 1234
2024-01-29 14:06:02,492 - __main__ - INFO - Weather in Berlin: 9.45
2024-01-29 16:06:40,467 - __main__ - INFO - Token value: 1234
2024-01-29 16:06:40,868 - __main__ - INFO - Weather in Berlin: 7.36
2024-01-29 18:06:20,938 - __main__ - INFO - Token value: 1234
2024-01-29 18:06:21,308 - __main__ - INFO - Weather in Berlin: 6.04
2024-01-29 20:06:31,240 - __main__ - INFO - Token value: 1234
2024-01-29 20:06:31,596 - __main__ - INFO - Weather in Berlin: 5.24
2024-01-29 22:05:59,434 - __main__ - INFO - Token value: 1234
2024-01-29 22:05:59,856 - __main__ - INFO - Weather in Berlin: 4.11
2024-01-30 00:22:11,918 - __main__ - INFO - Token value: 1234
2024-01-30 00:22:12,442 - __main__ - INFO - Weather in Berlin: 3.34
2024-01-30 02:11:02,528 - __main__ - INFO - Token value: 1234
2024-01-30 02:11:03,259 - __main__ - INFO - Weather in Berlin: 2.92
2024-01-30 04:06:23,932 - __main__ - INFO - Token value: 1234
2024-01-30 04:06:24,871 - __main__ - INFO - Weather in Berlin: 2.13
2024-01-30 06:07:02,785 - __main__ - INFO - Token value: 1234
2024-01-30 06:07:03,278 - __main__ - INFO - Weather in Berlin: 1.8
2024-01-30 08:07:04,582 - __main__ - INFO - Token value: 1234
2024-01-30 08:07:05,319 - __main__ - INFO - Weather in Berlin: 2.15
2024-01-30 10:07:31,468 - __main__ - INFO - Token value: 1234
2024-01-30 10:07:31,698 - __main__ - INFO - Weather in Berlin: 5.13
2024-01-30 12:08:10,375 - __main__ - INFO - Token value: 1234
2024-01-30 12:08:10,600 - __main__ - INFO - Weather in Berlin: 7.45
2024-01-30 14:06:11,995 - __main__ - INFO - Token value: 1234
2024-01-30 14:06:12,737 - __main__ - INFO - Weather in Berlin: 8.3
2024-01-30 16:06:32,008 - __main__ - INFO - Token value: 1234
2024-01-30 16:06:32,378 - __main__ - INFO - Weather in Berlin: 7.63
2024-01-30 18:06:53,484 - __main__ - INFO - Token value: 1234
2024-01-30 18:06:54,155 - __main__ - INFO - Weather in Berlin: 7.02
2024-01-30 20:06:19,944 - __main__ - INFO - Token value: 1234
2024-01-30 20:06:20,301 - __main__ - INFO - Weather in Berlin: 7.53
2024-01-30 22:06:07,276 - __main__ - INFO - Token value: 1234
2024-01-30 22:06:07,803 - __main__ - INFO - Weather in Berlin: 7.82
2024-01-31 00:22:53,807 - __main__ - INFO - Token value: 1234
2024-01-31 00:22:54,092 - __main__ - INFO - Weather in Berlin: 7.71
2024-01-31 02:11:23,307 - __main__ - INFO - Token value: 1234
2024-01-31 02:11:23,569 - __main__ - INFO - Weather in Berlin: 8.27
2024-01-31 04:06:35,337 - __main__ - INFO - Token value: 1234
2024-01-31 04:06:36,110 - __main__ - INFO - Weather in Berlin: 7.74
2024-01-31 06:07:09,889 - __main__ - INFO - Token value: 1234
2024-01-31 06:07:10,445 - __main__ - INFO - Weather in Berlin: 6.21
2024-01-31 08:06:51,251 - __main__ - INFO - Token value: 1234
2024-01-31 08:06:51,394 - __main__ - INFO - Weather in Berlin: 5.72
2024-01-31 10:06:18,178 - __main__ - INFO - Token value: 1234
2024-01-31 10:06:18,722 - __main__ - INFO - Weather in Berlin: 5.31
2024-01-31 12:08:15,025 - __main__ - INFO - Token value: 1234
2024-01-31 12:08:15,670 - __main__ - INFO - Weather in Berlin: 5.56
2024-01-31 14:06:01,316 - __main__ - INFO - Token value: 1234
2024-01-31 14:06:01,837 - __main__ - INFO - Weather in Berlin: 5.53
2024-01-31 16:06:31,797 - __main__ - INFO - Token value: 1234
2024-01-31 16:06:32,212 - __main__ - INFO - Weather in Berlin: 5.34
2024-01-31 18:06:07,716 - __main__ - INFO - Token value: 1234
2024-01-31 18:06:08,309 - __main__ - INFO - Weather in Berlin: 4.84
2024-01-31 20:06:05,651 - __main__ - INFO - Token value: 1234
2024-01-31 22:06:05,333 - __main__ - INFO - Token value: 1234
2024-02-01 00:23:36,263 - __main__ - INFO - Token value: 1234
2024-02-01 02:13:56,060 - __main__ - INFO - Token value: 1234
2024-02-01 04:07:17,152 - __main__ - INFO - Token value: 1234
2024-02-01 06:06:54,133 - __main__ - INFO - Token value: 1234
2024-02-01 08:06:58,826 - __main__ - INFO - Token value: 1234
2024-02-01 10:06:38,357 - __main__ - INFO - Token value: 1234
2024-02-01 12:08:21,660 - __main__ - INFO - Token value: 1234
2024-02-01 14:06:15,432 - __main__ - INFO - Token value: 1234
2024-02-01 16:06:26,804 - __main__ - INFO - Token value: 1234
2024-02-01 18:06:32,366 - __main__ - INFO - Token value: 1234
2024-02-01 20:06:10,628 - __main__ - INFO - Token value: 1234
2024-02-01 22:06:42,731 - __main__ - INFO - Token value: 1234
2024-02-02 00:22:25,703 - __main__ - INFO - Token value: 1234
2024-02-02 02:10:41,797 - __main__ - INFO - Token value: 1234
2024-02-02 04:06:53,300 - __main__ - INFO - Token value: 1234
2024-02-02 06:06:50,029 - __main__ - INFO - Token value: 1234
2024-02-02 08:06:59,527 - __main__ - INFO - Token value: 1234
2024-02-02 10:06:13,873 - __main__ - INFO - Token value: 1234
2024-02-02 12:08:27,094 - __main__ - INFO - Token value: 1234
2024-02-02 14:06:41,075 - __main__ - INFO - Token value: 1234
2024-02-02 16:06:24,377 - __main__ - INFO - Token value: 1234
2024-02-02 18:06:46,379 - __main__ - INFO - Token value: 1234
2024-02-02 20:06:07,370 - __main__ - INFO - Token value: 1234
2024-02-02 22:05:55,594 - __main__ - INFO - Token value: 1234
2024-02-03 00:23:16,158 - __main__ - INFO - Token value: 1234
2024-02-03 02:09:17,000 - __main__ - INFO - Token value: 1234
2024-02-03 04:06:25,647 - __main__ - INFO - Token value: 1234
2024-02-03 06:06:33,930 - __main__ - INFO - Token value: 1234
2024-02-03 08:06:17,073 - __main__ - INFO - Token value: 1234
2024-02-03 10:06:19,084 - __main__ - INFO - Token value: 1234
2024-02-03 12:08:03,901 - __main__ - INFO - Token value: 1234
2024-02-03 14:05:40,773 - __main__ - INFO - Token value: 1234
2024-02-03 16:06:58,508 - __main__ - INFO - Token value: 1234
2024-02-03 18:06:24,457 - __main__ - INFO - Token value: 1234
2024-02-03 20:06:30,036 - __main__ - INFO - Token value: 1234
2024-02-03 22:05:46,588 - __main__ - INFO - Token value: 1234
2024-02-04 00:24:47,963 - __main__ - INFO - Token value: 1234
2024-02-04 02:13:49,218 - __main__ - INFO - Token value: 1234
2024-02-04 04:06:25,621 - __main__ - INFO - Token value: 1234
2024-02-04 06:06:35,629 - __main__ - INFO - Token value: 1234
2024-02-04 08:06:31,549 - __main__ - INFO - Token value: 1234
2024-02-04 10:06:18,070 - __main__ - INFO - Token value: 1234
2024-02-04 12:07:29,181 - __main__ - INFO - Token value: 1234
2024-02-04 14:05:45,712 - __main__ - INFO - Token value: 1234
2024-02-04 16:06:07,762 - __main__ - INFO - Token value: 1234
2024-02-04 18:07:13,752 - __main__ - INFO - Token value: 1234
2024-02-04 20:06:01,693 - __main__ - INFO - Token value: 1234
2024-02-04 22:06:05,796 - __main__ - INFO - Token value: 1234
2024-02-05 00:23:42,184 - __main__ - INFO - Token value: 1234
2024-02-05 02:16:02,174 - __main__ - INFO - Token value: 1234
2024-02-05 04:06:25,787 - __main__ - INFO - Token value: 1234
2024-02-05 06:07:10,786 - __main__ - INFO - Token value: 1234
2024-02-05 08:07:19,173 - __main__ - INFO - Token value: 1234
2024-02-05 10:06:57,743 - __main__ - INFO - Token value: 1234
2024-02-05 12:08:33,077 - __main__ - INFO - Token value: 1234
2024-02-05 14:06:25,089 - __main__ - INFO - Token value: 1234
2024-02-05 16:06:19,960 - __main__ - INFO - Token value: 1234
2024-02-05 18:06:26,911 - __main__ - INFO - Token value: 1234
2024-02-05 20:07:02,549 - __main__ - INFO - Token value: 1234
2024-02-05 22:06:31,760 - __main__ - INFO - Token value: 1234
2024-02-06 00:22:17,800 - __main__ - INFO - Token value: 1234
2024-02-06 02:11:03,079 - __main__ - INFO - Token value: 1234
2024-02-06 04:06:46,729 - __main__ - INFO - Token value: 1234
2024-02-06 06:06:57,168 - __main__ - INFO - Token value: 1234
2024-02-06 08:07:56,234 - __main__ - INFO - Token value: 1234
2024-02-06 10:06:13,957 - __main__ - INFO - Token value: 1234
2024-02-06 12:08:43,021 - __main__ - INFO - Token value: 1234
2024-02-06 14:06:15,321 - __main__ - INFO - Token value: 1234
2024-02-06 16:06:17,933 - __main__ - INFO - Token value: 1234
2024-02-06 18:06:26,867 - __main__ - INFO - Token value: 1234
2024-02-06 20:06:19,122 - __main__ - INFO - Token value: 1234
2024-02-06 22:06:21,842 - __main__ - INFO - Token value: 1234
2024-02-07 00:21:19,875 - __main__ - INFO - Token value: 1234
2024-02-07 02:10:24,008 - __main__ - INFO - Token value: 1234
2024-02-07 04:06:32,279 - __main__ - INFO - Token value: 1234
2024-02-07 06:07:00,358 - __main__ - INFO - Token value: 1234
2024-02-07 08:07:01,253 - __main__ - INFO - Token value: 1234
2024-02-07 10:06:38,955 - __main__ - INFO - Token value: 1234
2024-02-07 12:08:12,616 - __main__ - INFO - Token value: 1234
2024-02-07 14:06:24,052 - __main__ - INFO - Token value: 1234
2024-02-07 16:07:13,646 - __main__ - INFO - Token value: 1234
2024-02-07 18:06:32,091 - __main__ - INFO - Token value: 1234
2024-02-07 20:06:06,549 - __main__ - INFO - Token value: 1234
2024-02-07 22:05:56,222 - __main__ - INFO - Token value: 1234
2024-02-08 00:22:22,354 - __main__ - INFO - Token value: 1234
2024-02-08 02:10:26,738 - __main__ - INFO - Token value: 1234
2024-02-08 04:06:37,116 - __main__ - INFO - Token value: 1234
2024-02-08 06:07:47,726 - __main__ - INFO - Token value: 1234
2024-02-08 08:08:14,910 - __main__ - INFO - Token value: 1234
2024-02-08 10:06:15,893 - __main__ - INFO - Token value: 1234
2024-02-08 12:08:34,810 - __main__ - INFO - Token value: 1234
2024-02-08 14:06:14,105 - __main__ - INFO - Token value: 1234
2024-02-08 16:06:27,608 - __main__ - INFO - Token value: 1234
2024-02-08 18:06:29,067 - __main__ - INFO - Token value: 1234
2024-02-08 20:06:04,947 - __main__ - INFO - Token value: 1234
2024-02-08 22:06:07,402 - __main__ - INFO - Token value: 1234
2024-02-09 00:22:05,206 - __main__ - INFO - Token value: 1234
2024-02-09 02:10:28,697 - __main__ - INFO - Token value: 1234
2024-02-09 04:06:29,356 - __main__ - INFO - Token value: 1234
2024-02-09 06:06:59,962 - __main__ - INFO - Token value: 1234
2024-02-09 08:06:42,384 - __main__ - INFO - Token value: 1234
2024-02-09 10:06:12,682 - __main__ - INFO - Token value: 1234
2024-02-09 12:08:40,409 - __main__ - INFO - Token value: 1234
2024-02-09 14:05:57,432 - __main__ - INFO - Token value: 1234
2024-02-09 16:06:34,688 - __main__ - INFO - Token value: 1234
2024-02-09 18:06:35,248 - __main__ - INFO - Token value: 1234
2024-02-09 20:06:05,162 - __main__ - INFO - Token value: 1234
2024-02-09 22:06:25,095 - __main__ - INFO - Token value: 1234
2024-02-10 00:21:45,089 - __main__ - INFO - Token value: 1234
2024-02-10 02:09:17,125 - __main__ - INFO - Token value: 1234
2024-02-10 04:07:01,415 - __main__ - INFO - Token value: 1234
2024-02-10 06:06:20,131 - __main__ - INFO - Token value: 1234
2024-02-10 08:06:24,982 - __main__ - INFO - Token value: 1234
2024-02-10 10:05:50,803 - __main__ - INFO - Token value: 1234
2024-02-10 12:07:31,691 - __main__ - INFO - Token value: 1234
2024-02-10 14:05:59,209 - __main__ - INFO - Token value: 1234
2024-02-10 16:06:49,789 - __main__ - INFO - Token value: 1234
2024-02-10 18:06:37,503 - __main__ - INFO - Token value: 1234
2024-02-10 20:05:57,718 - __main__ - INFO - Token value: 1234
2024-02-10 22:15:50,388 - __main__ - INFO - Token value: 1234
2024-02-11 01:21:47,678 - __main__ - INFO - Token value: 1234
2024-02-11 02:24:56,257 - __main__ - INFO - Token value: 1234
2024-02-11 04:21:17,889 - __main__ - INFO - Token value: 1234
2024-02-11 06:22:33,278 - __main__ - INFO - Token value: 1234
2024-02-11 08:20:52,625 - __main__ - INFO - Token value: 1234
2024-02-11 10:18:42,909 - __main__ - INFO - Token value: 1234
2024-02-11 12:30:03,026 - __main__ - INFO - Token value: 1234
2024-02-11 14:16:14,380 - __main__ - INFO - Token value: 1234
2024-02-11 16:21:27,342 - __main__ - INFO - Token value: 1234
2024-02-11 18:21:40,125 - __main__ - INFO - Token value: 1234
2024-02-11 20:17:59,641 - __main__ - INFO - Token value: 1234
2024-02-11 22:16:05,276 - __main__ - INFO - Token value: 1234
2024-02-12 01:16:40,671 - __main__ - INFO - Token value: 1234
2024-02-12 02:23:35,262 - __main__ - INFO - Token value: 1234
2024-02-12 04:21:26,731 - __main__ - INFO - Token value: 1234
2024-02-12 06:22:50,952 - __main__ - INFO - Token value: 1234
2024-02-12 08:22:29,611 - __main__ - INFO - Token value: 1234
2024-02-12 10:21:38,350 - __main__ - INFO - Token value: 1234
2024-02-12 12:32:56,789 - __main__ - INFO - Token value: 1234
2024-02-12 14:16:49,217 - __main__ - INFO - Token value: 1234
2024-02-12 16:23:28,512 - __main__ - INFO - Token value: 1234
2024-02-12 18:21:37,800 - __main__ - INFO - Token value: 1234
2024-02-12 20:18:04,217 - __main__ - INFO - Token value: 1234
2024-02-12 22:17:44,131 - __main__ - INFO - Token value: 1234
2024-02-13 01:16:59,344 - __main__ - INFO - Token value: 1234
2024-02-13 02:22:38,076 - __main__ - INFO - Token value: 1234
2024-02-13 04:20:37,438 - __main__ - INFO - Token value: 1234
2024-02-13 06:24:18,071 - __main__ - INFO - Token value: 1234
2024-02-13 08:22:32,897 - __main__ - INFO - Token value: 1234
2024-02-13 10:18:56,177 - __main__ - INFO - Token value: 1234
2024-02-13 12:32:07,123 - __main__ - INFO - Token value: 1234
2024-02-13 14:17:01,377 - __main__ - INFO - Token value: 1234
2024-02-13 16:22:56,637 - __main__ - INFO - Token value: 1234
2024-02-13 18:23:16,741 - __main__ - INFO - Token value: 1234
2024-02-13 20:20:28,160 - __main__ - INFO - Token value: 1234
2024-02-13 22:19:10,295 - __main__ - INFO - Token value: 1234
2024-02-14 01:17:03,384 - __main__ - INFO - Token value: 1234
2024-02-14 02:22:50,205 - __main__ - INFO - Token value: 1234
2024-02-14 04:21:43,148 - __main__ - INFO - Token value: 1234
2024-02-14 06:23:10,818 - __main__ - INFO - Token value: 1234
2024-02-14 08:22:13,086 - __main__ - INFO - Token value: 1234
2024-02-14 10:19:37,419 - __main__ - INFO - Token value: 1234
2024-02-14 12:32:59,125 - __main__ - INFO - Token value: 1234
2024-02-14 14:17:35,126 - __main__ - INFO - Token value: 1234
2024-02-14 16:22:45,543 - __main__ - INFO - Token value: 1234
2024-02-14 18:23:08,463 - __main__ - INFO - Token value: 1234
2024-02-14 20:18:07,557 - __main__ - INFO - Token value: 1234
2024-02-14 22:16:53,139 - __main__ - INFO - Token value: 1234
2024-02-15 01:16:30,884 - __main__ - INFO - Token value: 1234
2024-02-15 02:23:49,086 - __main__ - INFO - Token value: 1234
2024-02-15 04:21:37,951 - __main__ - INFO - Token value: 1234
2024-02-15 06:23:00,694 - __main__ - INFO - Token value: 1234
2024-02-15 08:21:56,241 - __main__ - INFO - Token value: 1234
2024-02-15 10:19:49,250 - __main__ - INFO - Token value: 1234
2024-02-15 12:31:53,049 - __main__ - INFO - Token value: 1234
2024-02-15 14:16:32,930 - __main__ - INFO - Token value: 1234
2024-02-15 16:22:16,754 - __main__ - INFO - Token value: 1234
2024-02-15 18:23:08,675 - __main__ - INFO - Token value: 1234
2024-02-15 20:16:35,667 - __main__ - INFO - Token value: 1234
2024-02-15 22:16:51,412 - __main__ - INFO - Token value: 1234
2024-02-16 01:16:18,263 - __main__ - INFO - Token value: 1234
2024-02-16 02:22:33,234 - __main__ - INFO - Token value: 1234
2024-02-16 04:20:25,613 - __main__ - INFO - Token value: 1234
2024-02-16 06:22:56,806 - __main__ - INFO - Token value: 1234
2024-02-16 08:21:48,765 - __main__ - INFO - Token value: 1234
2024-02-16 10:19:45,639 - __main__ - INFO - Token value: 1234
2024-02-16 12:32:00,801 - __main__ - INFO - Token value: 1234
2024-02-16 14:16:58,176 - __main__ - INFO - Token value: 1234
2024-02-16 16:22:22,527 - __main__ - INFO - Token value: 1234
2024-02-16 18:22:15,008 - __main__ - INFO - Token value: 1234
2024-02-16 20:17:49,062 - __main__ - INFO - Token value: 1234
2024-02-16 22:17:08,120 - __main__ - INFO - Token value: 1234
2024-02-17 01:15:56,268 - __main__ - INFO - Token value: 1234
2024-02-17 02:21:25,645 - __main__ - INFO - Token value: 1234
2024-02-17 04:23:33,786 - __main__ - INFO - Token value: 1234
2024-02-17 06:21:47,986 - __main__ - INFO - Token value: 1234
2024-02-17 08:20:17,217 - __main__ - INFO - Token value: 1234
2024-02-17 10:17:36,557 - __main__ - INFO - Token value: 1234
2024-02-17 12:30:03,195 - __main__ - INFO - Token value: 1234
2024-02-17 14:16:18,609 - __main__ - INFO - Token value: 1234
2024-02-17 16:21:28,097 - __main__ - INFO - Token value: 1234
2024-02-17 18:20:29,262 - __main__ - INFO - Token value: 1234
2024-02-17 20:16:51,853 - __main__ - INFO - Token value: 1234
2024-02-17 22:19:14,477 - __main__ - INFO - Token value: 1234
2024-02-18 01:20:48,903 - __main__ - INFO - Token value: 1234
2024-02-18 02:23:57,876 - __main__ - INFO - Token value: 1234
2024-02-18 04:20:17,655 - __main__ - INFO - Token value: 1234
2024-02-18 06:21:48,272 - __main__ - INFO - Token value: 1234
2024-02-18 08:21:22,904 - __main__ - INFO - Token value: 1234
2024-02-18 10:18:52,561 - __main__ - INFO - Token value: 1234
2024-02-18 12:30:30,566 - __main__ - INFO - Token value: 1234
2024-02-18 14:15:58,564 - __main__ - INFO - Token value: 1234
2024-02-18 16:21:30,803 - __main__ - INFO - Token value: 1234
2024-02-18 18:20:26,540 - __main__ - INFO - Token value: 1234
2024-02-18 20:18:00,056 - __main__ - INFO - Token value: 1234
2024-02-18 22:18:01,677 - __main__ - INFO - Token value: 1234
2024-02-19 01:17:46,707 - __main__ - INFO - Token value: 1234
2024-02-19 02:23:55,770 - __main__ - INFO - Token value: 1234
2024-02-19 04:21:26,822 - __main__ - INFO - Token value: 1234
2024-02-19 06:24:00,136 - __main__ - INFO - Token value: 1234
2024-02-19 08:22:52,056 - __main__ - INFO - Token value: 1234
2024-02-19 10:19:47,687 - __main__ - INFO - Token value: 1234
2024-02-19 12:33:20,197 - __main__ - INFO - Token value: 1234
2024-02-19 14:17:53,315 - __main__ - INFO - Token value: 1234
2024-02-19 16:24:23,615 - __main__ - INFO - Token value: 1234
2024-02-19 18:22:47,586 - __main__ - INFO - Token value: 1234
2024-02-19 20:18:07,380 - __main__ - INFO - Token value: 1234
2024-02-19 22:17:29,049 - __main__ - INFO - Token value: 1234
2024-02-20 01:15:19,684 - __main__ - INFO - Token value: 1234
2024-02-20 02:21:48,522 - __main__ - INFO - Token value: 1234
2024-02-20 04:22:32,793 - __main__ - INFO - Token value: 1234
2024-02-20 06:23:26,679 - __main__ - INFO - Token value: 1234
2024-02-20 08:21:40,474 - __main__ - INFO - Token value: 1234
2024-02-20 10:19:00,482 - __main__ - INFO - Token value: 1234
2024-02-20 12:32:42,161 - __main__ - INFO - Token value: 1234
2024-02-20 14:16:55,079 - __main__ - INFO - Token value: 1234
2024-02-20 16:22:47,903 - __main__ - INFO - Token value: 1234
2024-02-20 18:24:16,164 - __main__ - INFO - Token value: 1234
2024-02-20 20:19:02,989 - __main__ - INFO - Token value: 1234
2024-02-20 22:17:13,495 - __main__ - INFO - Token value: 1234
2024-02-21 01:16:32,246 - __main__ - INFO - Token value: 1234
2024-02-21 02:22:26,439 - __main__ - INFO - Token value: 1234
2024-02-21 04:20:56,152 - __main__ - INFO - Token value: 1234
2024-02-21 06:22:40,716 - __main__ - INFO - Token value: 1234
2024-02-21 08:23:41,779 - __main__ - INFO - Token value: 1234
2024-02-21 10:20:11,684 - __main__ - INFO - Token value: 1234
2024-02-21 12:32:45,182 - __main__ - INFO - Token value: 1234
2024-02-21 14:16:34,037 - __main__ - INFO - Token value: 1234
2024-02-21 16:23:03,683 - __main__ - INFO - Token value: 1234
2024-02-21 18:23:04,709 - __main__ - INFO - Token value: 1234
2024-02-21 20:18:17,105 - __main__ - INFO - Token value: 1234
2024-02-21 22:17:05,824 - __main__ - INFO - Token value: 1234
2024-02-22 01:16:03,450 - __main__ - INFO - Token value: 1234
2024-02-22 02:22:13,718 - __main__ - INFO - Token value: 1234
2024-02-22 04:20:11,614 - __main__ - INFO - Token value: 1234
2024-02-22 06:23:07,549 - __main__ - INFO - Token value: 1234
2024-02-22 08:22:34,452 - __main__ - INFO - Token value: 1234
2024-02-22 10:18:45,704 - __main__ - INFO - Token value: 1234
2024-02-22 12:31:57,708 - __main__ - INFO - Token value: 1234
2024-02-22 14:18:55,723 - __main__ - INFO - Token value: 1234
2024-02-22 16:23:09,250 - __main__ - INFO - Token value: 1234
2024-02-22 18:22:39,253 - __main__ - INFO - Token value: 1234
2024-02-22 20:17:57,051 - __main__ - INFO - Token value: 1234
2024-02-22 22:17:00,680 - __main__ - INFO - Token value: 1234
2024-02-23 01:15:19,094 - __main__ - INFO - Token value: 1234
2024-02-23 02:23:02,852 - __main__ - INFO - Token value: 1234
2024-02-23 04:20:01,116 - __main__ - INFO - Token value: 1234
2024-02-23 06:23:09,506 - __main__ - INFO - Token value: 1234
2024-02-23 08:22:26,766 - __main__ - INFO - Token value: 1234
2024-02-23 10:20:10,864 - __main__ - INFO - Token value: 1234
2024-02-23 12:31:53,498 - __main__ - INFO - Token value: 1234
2024-02-23 14:16:38,160 - __main__ - INFO - Token value: 1234
2024-02-23 16:21:44,065 - __main__ - INFO - Token value: 1234
2024-02-23 18:22:47,994 - __main__ - INFO - Token value: 1234
2024-02-23 20:19:44,697 - __main__ - INFO - Token value: 1234
2024-02-23 22:16:41,776 - __main__ - INFO - Token value: 1234
2024-02-24 01:13:36,744 - __main__ - INFO - Token value: 1234
2024-02-24 02:20:08,262 - __main__ - INFO - Token value: 1234
2024-02-24 04:20:38,260 - __main__ - INFO - Token value: 1234
2024-02-24 06:20:54,305 - __main__ - INFO - Token value: 1234
2024-02-24 08:19:43,028 - __main__ - INFO - Token value: 1234
2024-02-24 10:20:00,669 - __main__ - INFO - Token value: 1234
2024-02-24 12:29:41,413 - __main__ - INFO - Token value: 1234
2024-02-24 14:14:58,587 - __main__ - INFO - Token value: 1234
2024-02-24 16:20:31,356 - __main__ - INFO - Token value: 1234
2024-02-24 18:22:04,338 - __main__ - INFO - Token value: 1234
2024-02-24 20:16:54,911 - __main__ - INFO - Token value: 1234
2024-02-24 22:16:42,894 - __main__ - INFO - Token value: 1234
2024-02-25 01:20:41,431 - __main__ - INFO - Token value: 1234
2024-02-25 02:24:28,513 - __main__ - INFO - Token value: 1234
2024-02-25 04:22:07,747 - __main__ - INFO - Token value: 1234
2024-02-25 06:21:12,083 - __main__ - INFO - Token value: 1234
2024-02-25 08:19:54,926 - __main__ - INFO - Token value: 1234
2024-02-25 10:17:30,603 - __main__ - INFO - Token value: 1234
2024-02-25 12:30:15,140 - __main__ - INFO - Token value: 1234
2024-02-25 14:15:17,463 - __main__ - INFO - Token value: 1234
2024-02-25 16:21:54,382 - __main__ - INFO - Token value: 1234
2024-02-25 18:21:10,179 - __main__ - INFO - Token value: 1234
2024-02-25 20:17:03,931 - __main__ - INFO - Token value: 1234
2024-02-25 22:17:24,692 - __main__ - INFO - Token value: 1234
2024-02-26 01:17:56,862 - __main__ - INFO - Token value: 1234
2024-02-26 02:26:14,346 - __main__ - INFO - Token value: 1234
2024-02-26 04:22:12,539 - __main__ - INFO - Token value: 1234
2024-02-26 06:24:03,841 - __main__ - INFO - Token value: 1234
2024-02-26 08:22:12,562 - __main__ - INFO - Token value: 1234
2024-02-26 10:20:17,249 - __main__ - INFO - Token value: 1234
2024-02-26 12:32:27,733 - __main__ - INFO - Token value: 1234
2024-02-26 14:18:00,021 - __main__ - INFO - Token value: 1234
2024-02-26 16:22:45,316 - __main__ - INFO - Token value: 1234
2024-02-26 18:21:58,691 - __main__ - INFO - Token value: 1234
2024-02-26 20:18:22,647 - __main__ - INFO - Token value: 1234
2024-02-26 22:18:25,915 - __main__ - INFO - Token value: 1234
2024-02-27 01:15:39,859 - __main__ - INFO - Token value: 1234
2024-02-27 02:21:31,646 - __main__ - INFO - Token value: 1234
2024-02-27 04:20:53,271 - __main__ - INFO - Token value: 1234
2024-02-27 06:22:24,314 - __main__ - INFO - Token value: 1234
2024-02-27 08:21:23,525 - __main__ - INFO - Token value: 1234
2024-02-27 10:20:12,283 - __main__ - INFO - Token value: 1234
2024-02-27 12:31:25,329 - __main__ - INFO - Token value: 1234
2024-02-27 14:16:23,867 - __main__ - INFO - Token value: 1234
2024-02-27 16:23:20,562 - __main__ - INFO - Token value: 1234
2024-02-27 18:21:26,323 - __main__ - INFO - Token value: 1234
2024-02-27 20:18:02,849 - __main__ - INFO - Token value: 1234
2024-02-27 22:18:48,665 - __main__ - INFO - Token value: 1234
2024-02-28 01:15:01,904 - __main__ - INFO - Token value: 1234
2024-02-28 02:23:33,528 - __main__ - INFO - Token value: 1234
2024-02-28 04:21:53,872 - __main__ - INFO - Token value: 1234
2024-02-28 06:22:51,377 - __main__ - INFO - Token value: 1234
2024-02-28 08:22:47,230 - __main__ - INFO - Token value: 1234
2024-02-28 10:20:55,005 - __main__ - INFO - Token value: 1234
2024-02-28 12:31:40,967 - __main__ - INFO - Token value: 1234
2024-02-28 14:16:09,471 - __main__ - INFO - Token value: 1234
2024-02-28 16:23:06,704 - __main__ - INFO - Token value: 1234
2024-02-28 18:22:29,002 - __main__ - INFO - Token value: 1234
2024-02-28 20:18:43,635 - __main__ - INFO - Token value: 1234
2024-02-28 22:16:37,060 - __main__ - INFO - Token value: 1234
2024-02-29 01:15:37,758 - __main__ - INFO - Token value: 1234
2024-02-29 02:22:23,960 - __main__ - INFO - Token value: 1234
2024-02-29 04:20:37,256 - __main__ - INFO - Token value: 1234
2024-02-29 06:23:11,059 - __main__ - INFO - Token value: 1234
2024-02-29 08:21:21,879 - __main__ - INFO - Token value: 1234
2024-02-29 10:21:33,482 - __main__ - INFO - Token value: 1234
2024-02-29 12:32:28,385 - __main__ - INFO - Token value: 1234
2024-02-29 14:19:56,660 - __main__ - INFO - Token value: 1234
2024-02-29 16:21:32,229 - __main__ - INFO - Token value: 1234
2024-02-29 18:23:11,503 - __main__ - INFO - Token value: 1234
2024-02-29 20:20:00,780 - __main__ - INFO - Token value: 1234
2024-02-29 22:17:16,091 - __main__ - INFO - Token value: 1234
2024-03-01 01:22:05,002 - __main__ - INFO - Token value: 1234
2024-03-01 02:26:49,431 - __main__ - INFO - Token value: 1234
2024-03-01 04:22:06,537 - __main__ - INFO - Token value: 1234
2024-03-01 06:23:27,681 - __main__ - INFO - Token value: 1234
2024-03-01 08:21:42,632 - __main__ - INFO - Token value: 1234
2024-03-01 10:19:18,383 - __main__ - INFO - Token value: 1234
2024-03-01 12:32:35,558 - __main__ - INFO - Token value: 1234
2024-03-01 14:16:31,005 - __main__ - INFO - Token value: 1234
2024-03-01 16:21:40,219 - __main__ - INFO - Token value: 1234
2024-03-01 18:24:15,627 - __main__ - INFO - Token value: 1234
2024-03-01 20:19:05,397 - __main__ - INFO - Token value: 1234
2024-03-01 22:16:53,152 - __main__ - INFO - Token value: 1234
2024-03-02 01:14:03,256 - __main__ - INFO - Token value: 1234
2024-03-02 02:21:05,450 - __main__ - INFO - Token value: 1234
2024-03-02 04:20:42,467 - __main__ - INFO - Token value: 1234
2024-03-02 06:23:21,061 - __main__ - INFO - Token value: 1234
2024-03-02 08:19:57,957 - __main__ - INFO - Token value: 1234
2024-03-02 10:17:23,491 - __main__ - INFO - Token value: 1234
2024-03-02 12:30:10,562 - __main__ - INFO - Token value: 1234
2024-03-02 14:15:45,815 - __main__ - INFO - Token value: 1234
2024-03-02 16:21:09,153 - __main__ - INFO - Token value: 1234
2024-03-02 18:23:06,869 - __main__ - INFO - Token value: 1234
2024-03-02 20:16:44,396 - __main__ - INFO - Token value: 1234
2024-03-02 22:16:55,327 - __main__ - INFO - Token value: 1234
2024-03-03 01:19:46,540 - __main__ - INFO - Token value: 1234
2024-03-03 02:24:05,588 - __main__ - INFO - Token value: 1234
2024-03-03 04:21:43,055 - __main__ - INFO - Token value: 1234
2024-03-03 06:22:11,556 - __main__ - INFO - Token value: 1234
2024-03-03 08:22:50,435 - __main__ - INFO - Token value: 1234
2024-03-03 10:21:21,198 - __main__ - INFO - Token value: 1234
2024-03-03 12:30:16,613 - __main__ - INFO - Token value: 1234
2024-03-03 14:16:04,963 - __main__ - INFO - Token value: 1234
2024-03-03 16:20:39,868 - __main__ - INFO - Token value: 1234
2024-03-03 18:20:41,504 - __main__ - INFO - Token value: 1234
2024-03-03 20:17:31,098 - __main__ - INFO - Token value: 1234
2024-03-03 22:16:17,584 - __main__ - INFO - Token value: 1234
2024-03-04 01:16:52,944 - __main__ - INFO - Token value: 1234
2024-03-04 03:03:28,720 - __main__ - INFO - Token value: 1234
2024-03-04 04:51:15,229 - __main__ - INFO - Token value: 1234
2024-03-04 07:11:28,091 - __main__ - INFO - Token value: 1234
2024-03-04 10:06:18,796 - __main__ - INFO - Token value: 1234
2024-03-04 12:35:39,911 - __main__ - INFO - Token value: 1234
2024-03-04 14:16:45,965 - __main__ - INFO - Token value: 1234
2024-03-04 16:24:06,557 - __main__ - INFO - Token value: 1234
2024-03-04 18:21:25,005 - __main__ - INFO - Token value: 1234
2024-03-04 20:18:38,000 - __main__ - INFO - Token value: 1234
2024-03-04 22:16:28,098 - __main__ - INFO - Token value: 1234
2024-03-05 01:15:41,890 - __main__ - INFO - Token value: 1234
2024-03-05 02:22:42,540 - __main__ - INFO - Token value: 1234
2024-03-05 04:22:20,280 - __main__ - INFO - Token value: 1234
2024-03-05 06:22:36,827 - __main__ - INFO - Token value: 1234
2024-03-05 08:22:14,604 - __main__ - INFO - Token value: 1234
2024-03-05 10:21:13,158 - __main__ - INFO - Token value: 1234
2024-03-05 12:32:59,256 - __main__ - INFO - Token value: 1234
2024-03-05 14:17:23,383 - __main__ - INFO - Token value: 1234
2024-03-05 16:21:30,741 - __main__ - INFO - Token value: 1234
2024-03-05 18:22:21,937 - __main__ - INFO - Token value: 1234
2024-03-05 20:18:48,475 - __main__ - INFO - Token value: 1234
2024-03-05 22:17:49,230 - __main__ - INFO - Token value: 1234
2024-03-06 01:16:16,071 - __main__ - INFO - Token value: 1234
2024-03-06 02:21:52,234 - __main__ - INFO - Token value: 1234
2024-03-06 04:20:46,426 - __main__ - INFO - Token value: 1234
2024-03-06 06:24:37,608 - __main__ - INFO - Token value: 1234
2024-03-06 08:23:27,438 - __main__ - INFO - Token value: 1234
2024-03-06 10:19:04,405 - __main__ - INFO - Token value: 1234
2024-03-06 12:33:28,642 - __main__ - INFO - Token value: 1234
2024-03-06 14:16:18,526 - __main__ - INFO - Token value: 1234
2024-03-06 16:23:14,653 - __main__ - INFO - Token value: 1234
2024-03-06 18:22:45,994 - __main__ - INFO - Token value: 1234
2024-03-06 20:17:40,662 - __main__ - INFO - Token value: 1234
2024-03-06 22:17:40,286 - __main__ - INFO - Token value: 1234
2024-03-07 01:03:08,579 - __main__ - INFO - Token value: 1234
2024-03-07 02:17:47,027 - __main__ - INFO - Token value: 1234
2024-03-07 04:20:01,243 - __main__ - INFO - Token value: 1234
2024-03-07 06:23:31,194 - __main__ - INFO - Token value: 1234
2024-03-07 08:17:58,287 - __main__ - INFO - Token value: 1234
2024-03-07 10:17:15,817 - __main__ - INFO - Token value: 1234
2024-03-07 12:32:26,588 - __main__ - INFO - Token value: 1234
2024-03-07 14:17:22,628 - __main__ - INFO - Token value: 1234
2024-03-07 16:22:06,093 - __main__ - INFO - Token value: 1234
2024-03-07 18:22:09,027 - __main__ - INFO - Token value: 1234
2024-03-07 20:17:40,996 - __main__ - INFO - Token value: 1234
2024-03-07 22:17:00,646 - __main__ - INFO - Token value: 1234
2024-03-08 01:16:10,005 - __main__ - INFO - Token value: 1234
2024-03-08 02:24:31,815 - __main__ - INFO - Token value: 1234
2024-03-08 04:21:08,825 - __main__ - INFO - Token value: 1234
2024-03-08 06:22:38,549 - __main__ - INFO - Token value: 1234
2024-03-08 08:23:33,013 - __main__ - INFO - Token value: 1234
2024-03-08 10:22:02,099 - __main__ - INFO - Token value: 1234
2024-03-08 12:32:24,471 - __main__ - INFO - Token value: 1234
2024-03-08 14:17:32,383 - __main__ - INFO - Token value: 1234
2024-03-08 16:20:24,904 - __main__ - INFO - Token value: 1234
2024-03-08 18:22:35,048 - __main__ - INFO - Token value: 1234
2024-03-08 20:16:54,948 - __main__ - INFO - Token value: 1234
2024-03-08 22:19:11,683 - __main__ - INFO - Token value: 1234
2024-03-09 01:13:10,100 - __main__ - INFO - Token value: 1234
2024-03-09 02:19:59,816 - __main__ - INFO - Token value: 1234
2024-03-09 04:20:03,033 - __main__ - INFO - Token value: 1234
2024-03-09 06:24:09,059 - __main__ - INFO - Token value: 1234
2024-03-09 08:20:57,692 - __main__ - INFO - Token value: 1234
2024-03-09 10:20:24,354 - __main__ - INFO - Token value: 1234
2024-03-09 12:29:18,639 - __main__ - INFO - Token value: 1234
2024-03-09 14:18:20,319 - __main__ - INFO - Token value: 1234
2024-03-09 16:22:23,903 - __main__ - INFO - Token value: 1234
2024-03-09 18:20:27,686 - __main__ - INFO - Token value: 1234
2024-03-09 20:16:44,303 - __main__ - INFO - Token value: 1234
2024-03-09 22:18:19,821 - __main__ - INFO - Token value: 1234
2024-03-10 01:20:41,627 - __main__ - INFO - Token value: 1234
2024-03-10 02:26:39,449 - __main__ - INFO - Token value: 1234
2024-03-10 04:21:50,943 - __main__ - INFO - Token value: 1234
2024-03-10 06:21:14,152 - __main__ - INFO - Token value: 1234
2024-03-10 08:21:45,636 - __main__ - INFO - Token value: 1234
2024-03-10 10:17:53,732 - __main__ - INFO - Token value: 1234
2024-03-10 12:29:34,209 - __main__ - INFO - Token value: 1234
2024-03-10 14:15:49,226 - __main__ - INFO - Token value: 1234
2024-03-10 16:21:14,010 - __main__ - INFO - Token value: 1234
2024-03-10 18:20:00,357 - __main__ - INFO - Token value: 1234
2024-03-10 20:19:38,437 - __main__ - INFO - Token value: 1234
2024-03-10 22:17:32,104 - __main__ - INFO - Token value: 1234
2024-03-11 01:16:57,620 - __main__ - INFO - Token value: 1234
2024-03-11 02:24:45,578 - __main__ - INFO - Token value: 1234
2024-03-11 04:22:26,849 - __main__ - INFO - Token value: 1234
